[2015-02-16 09:58:08] START
[2015-02-16 10:06:09] CREATE pack.db.py: 0
[2015-02-16 10:50:51] EDIT pack/models/pack.db.py: 13
[2015-02-16 10:55:10] DELETE pack/models/pack.db.py: -13
[2015-02-16 10:55:23] CREATE pack.py: 0
[2015-02-16 10:55:30] EDIT pack/models/pack.py: 13
[2015-02-16 10:56:01] EDIT pack/models/pack.py: 0
[2015-02-16 10:56:46] EDIT pack/models/pack.py: 0
[2015-02-16 11:36:13] EDIT pack/models/db.py: 1
[2015-02-16 11:37:19] EDIT pack/models/db.py: 0
[2015-02-16 11:44:31] EDIT pack/models/pack.py: 0
[2015-02-16 11:45:07] EDIT pack/models/pack.py: 0
[2015-02-16 11:46:16] EDIT pack/models/db.py: 0
[2015-02-16 11:55:07] EDIT pack/models/pack.py: 0
[2015-02-16 11:55:50] EDIT pack/models/pack.py: 0
[2015-02-16 11:56:30] EDIT pack/models/pack.py: -4
[2015-02-16 11:56:59] EDIT pack/models/pack.py: -6
[2015-02-16 11:57:28] EDIT pack/models/pack.py: -3
[2015-02-16 11:58:16] EDIT pack/models/pack.py: 12
[2015-02-16 11:58:38] EDIT pack/models/pack.py: 0
[2015-02-16 11:59:10] EDIT pack/models/pack.py: 0
[2015-02-16 12:01:35] EDIT pack/models/pack.py: 0
[2015-02-16 12:02:13] EDIT pack/models/pack.py: 0
[2015-02-16 12:15:48] EDIT pack/models/pack.py: 0
[2015-02-16 12:16:23] EDIT pack/models/pack.py: 0
[2015-02-16 12:18:57] EDIT pack/controllers/default.py: -7
[2015-02-16 12:38:07] EDIT pack/controllers/default.py: 11
[2015-02-16 12:38:40] EDIT pack/controllers/default.py: 0
[2015-02-16 12:39:23] CREATE setcontainer.html: 0
[2015-02-16 14:00:13] EDIT pack/controllers/default.py: 9
[2015-02-16 14:08:31] EDIT pack/controllers/default.py: -2
[2015-02-16 14:08:54] EDIT pack/controllers/default.py: 0
[2015-02-16 14:09:50] EDIT pack/controllers/default.py: 2
[2015-02-16 14:11:41] EDIT pack/models/pack.py: 1
[2015-02-16 14:25:58] EDIT pack/controllers/default.py: 10
[2015-02-16 14:26:10] EDIT pack/controllers/default.py: 0
[2015-02-16 14:26:26] EDIT pack/controllers/default.py: 0
[2015-02-16 14:26:44] EDIT pack/controllers/default.py: 0
[2015-02-16 14:27:27] DELETE pack/views/setcontainer.html: -3
[2015-02-16 14:27:56] CREATE setcontainer.html: 0
[2015-02-16 14:28:26] CREATE scanpieza.html: 0
[2015-02-16 14:28:46] DELETE pack/views/scanpieza.html: -3
[2015-02-16 14:28:49] DELETE pack/views/setcontainer.html: -3
[2015-02-16 14:29:12] CREATE default/setcontainer.html: 0
[2015-02-16 14:29:26] CREATE default/scanpieza.html: 0
[2015-02-16 14:37:15] EDIT pack/models/pack.py: 0
[2015-02-16 14:37:42] EDIT pack/models/pack.py: 0
[2015-02-16 14:38:19] EDIT pack/models/pack.py: 0
[2015-02-16 14:39:46] EDIT pack/models/pack.py: 0
[2015-02-16 14:42:23] EDIT pack/controllers/default.py: 0
[2015-02-16 15:54:45] EDIT pack/models/pack.py: 0
[2015-02-16 17:20:51] EDIT pack/controllers/default.py: 5
[2015-02-16 17:24:29] EDIT pack/controllers/default.py: 0
[2015-02-16 17:30:32] EDIT pack/controllers/default.py: 1
[2015-02-16 17:39:18] EDIT pack/controllers/default.py: 0
[2015-02-16 17:40:58] EDIT pack/controllers/default.py: 0
[2015-02-16 17:49:01] EDIT pack/controllers/default.py: 0
[2015-02-16 17:50:59] EDIT pack/controllers/default.py: 0
[2015-02-16 18:14:38] EDIT pack/models/pack.py: 0
[2015-02-16 18:19:19] EDIT pack/controllers/default.py: 1
[2015-02-16 18:21:54] EDIT pack/controllers/default.py: 0
[2015-02-16 18:24:50] EDIT pack/controllers/default.py: 0
[2015-02-16 18:25:45] EDIT pack/controllers/default.py: 0
[2015-02-16 18:26:30] EDIT pack/controllers/default.py: 0
[2015-02-16 18:28:00] EDIT pack/controllers/default.py: 1
[2015-02-16 18:28:32] EDIT pack/controllers/default.py: 0
[2015-02-16 18:28:53] EDIT pack/controllers/default.py: 0
[2015-02-16 18:30:02] EDIT pack/controllers/default.py: 0
[2015-02-16 18:30:22] EDIT pack/controllers/default.py: 0
[2015-02-16 18:32:20] EDIT pack/controllers/default.py: 0
[2015-02-16 18:33:43] EDIT pack/controllers/default.py: 0
[2015-02-16 18:51:02] EDIT pack/controllers/default.py: 0
[2015-02-16 18:53:19] EDIT pack/controllers/default.py: -5
[2015-02-16 18:53:28] EDIT pack/controllers/default.py: 0
[2015-02-16 21:07:29] EDIT pack/controllers/default.py: 0
[2015-02-16 21:22:18] EDIT pack/views/default/scanpieza.html: 15
[2015-02-16 21:26:38] EDIT pack/controllers/default.py: 0
[2015-02-16 21:29:41] EDIT pack/views/default/scanpieza.html: -8
[2015-02-16 21:39:38] EDIT pack/views/default/scanpieza.html: 0
[2015-02-16 21:41:15] EDIT pack/views/default/scanpieza.html: 12
[2015-02-16 21:46:52] EDIT pack/views/default/scanpieza.html: 0
[2015-02-16 22:00:16] EDIT pack/views/default/scanpieza.html: 3
[2015-02-16 22:02:22] EDIT pack/views/default/scanpieza.html: 0
[2015-02-16 22:03:52] EDIT pack/views/default/scanpieza.html: 0
[2015-02-16 22:04:50] EDIT pack/views/default/scanpieza.html: 0
[2015-02-16 22:08:04] EDIT pack/views/default/scanpieza.html: 0
[2015-02-16 22:10:34] EDIT pack/views/default/scanpieza.html: 0
[2015-02-16 22:11:48] EDIT pack/views/default/scanpieza.html: 0
[2015-02-16 22:12:26] EDIT pack/views/default/scanpieza.html: 0
[2015-02-16 22:14:43] EDIT pack/views/default/scanpieza.html: 0
[2015-02-16 22:16:05] EDIT pack/views/default/scanpieza.html: 0
[2015-02-16 22:17:04] EDIT pack/views/default/scanpieza.html: 0
[2015-02-16 22:22:38] EDIT pack/views/default/scanpieza.html: 1
[2015-02-16 22:23:06] EDIT pack/views/default/scanpieza.html: 0
[2015-02-16 22:59:03] EDIT pack/views/default/scanpieza.html: 0
[2015-02-17 09:18:04] EDIT pack/controllers/default.py: 2
[2015-02-17 09:20:06] EDIT pack/controllers/default.py: 1
[2015-02-17 09:20:37] EDIT pack/views/default/scanpieza.html: -1
[2015-02-17 09:21:21] EDIT pack/controllers/default.py: 0
[2015-02-17 09:24:05] EDIT pack/models/menu.py: 0
[2015-02-17 09:25:15] EDIT pack/models/menu.py: 0
[2015-02-17 09:27:06] EDIT pack/views/layout.html: 0
[2015-02-17 09:30:18] EDIT pack/controllers/default.py: 0
[2015-02-17 09:31:20] EDIT pack/controllers/default.py: 0
[2015-02-17 09:36:11] EDIT pack/models/pack.py: 3
[2015-02-17 09:38:27] EDIT pack/models/pack.py: 1
[2015-02-17 09:40:07] EDIT pack/controllers/default.py: 0
[2015-02-17 09:54:01] EDIT pack/models/pack.py: 4
[2015-02-17 09:54:44] EDIT pack/models/pack.py: 0
[2015-02-17 09:56:18] EDIT pack/models/pack.py: 3
[2015-02-17 09:56:53] EDIT pack/controllers/default.py: 0
[2015-02-17 09:57:39] EDIT pack/views/default/setcontainer.html: 0
[2015-02-17 09:58:00] EDIT pack/models/menu.py: 0
[2015-02-17 09:59:41] EDIT pack/models/pack.py: 0
[2015-02-17 10:00:39] EDIT pack/views/default/scanpieza.html: 0
[2015-02-17 10:08:04] EDIT pack/models/pack.py: 3
[2015-02-17 10:08:56] EDIT pack/models/pack.py: 0
[2015-02-17 10:12:42] EDIT pack/models/pack.py: 0
[2015-02-17 10:15:00] EDIT pack/controllers/default.py: 0
[2015-02-17 10:16:22] EDIT pack/controllers/default.py: 0
[2015-02-17 10:20:58] EDIT pack/models/pack.py: 0
[2015-02-17 10:23:06] EDIT pack/models/pack.py: 0
[2015-02-17 10:28:31] EDIT pack/models/menu.py: 1
[2015-02-17 10:29:54] EDIT pack/controllers/default.py: 3
[2015-02-17 10:30:03] EDIT pack/controllers/default.py: 0
[2015-02-17 10:38:17] EDIT pack/controllers/default.py: 12
[2015-02-17 10:38:45] CREATE default/pieza.html.py: 0
[2015-02-17 10:39:37] CREATE default/pieza.html: 0
[2015-02-17 10:39:56] EDIT pack/views/default/pieza.html: 0
[2015-02-17 10:40:45] CREATE default/piezas.html: 0
[2015-02-17 10:40:53] EDIT pack/views/default/piezas.html: 0
[2015-02-17 10:43:40] EDIT pack/models/menu.py: 1
[2015-02-17 10:46:26] EDIT pack/controllers/default.py: 2
[2015-02-17 10:46:51] EDIT pack/controllers/default.py: 0
[2015-02-17 10:47:48] EDIT pack/controllers/default.py: 1
[2015-02-17 10:48:31] EDIT pack/controllers/default.py: 0
[2015-02-17 10:49:29] EDIT pack/controllers/default.py: 0
[2015-02-17 11:56:15] EDIT pack/controllers/default.py: 3
[2015-02-17 11:57:06] EDIT pack/controllers/default.py: 0
[2015-02-17 12:00:06] EDIT pack/controllers/default.py: 0
[2015-02-17 12:02:24] EDIT pack/controllers/default.py: 0
[2015-02-17 12:03:13] EDIT pack/controllers/default.py: 2
[2015-02-17 12:03:43] EDIT pack/controllers/default.py: 0
[2015-02-17 12:03:48] EDIT pack/controllers/default.py: 0
[2015-02-17 12:05:21] EDIT pack/controllers/default.py: 0
[2015-02-17 12:05:31] EDIT pack/controllers/default.py: 0
[2015-02-17 12:15:56] EDIT pack/controllers/default.py: 1
[2015-02-17 12:34:48] EDIT pack/controllers/default.py: 21
[2015-02-17 12:35:28] EDIT pack/models/menu.py: 2
[2015-02-17 12:35:38] EDIT pack/models/menu.py: -1
[2015-02-17 12:36:00] EDIT pack/models/menu.py: 0
[2015-02-17 12:38:34] EDIT pack/controllers/default.py: 0
[2015-02-17 12:40:47] EDIT pack/controllers/default.py: 0
[2015-02-17 12:41:03] EDIT pack/controllers/default.py: 0
[2015-02-17 12:41:58] EDIT pack/controllers/default.py: 0
[2015-02-17 12:56:41] CREATE default/container_detail.html: 0
[2015-02-17 12:57:16] EDIT pack/views/default/container_detail.html: 0
[2015-02-25 20:06:57] DELETE Pack/models/default/pieza.html.py: 0
[2015-02-25 20:12:12] EDIT Pack/models/db.py: 0
