[2014-12-01 18:28:12] START
[2014-12-01 18:31:16] CREATE db_tiendabip.py: 0
[2014-12-01 19:33:01] EDIT tiendabip/models/db_tiendabip.py: 5
[2014-12-01 19:51:42] EDIT tiendabip/models/db_tiendabip.py: 4
[2014-12-01 19:52:54] EDIT tiendabip/models/db_tiendabip.py: 0
[2014-12-01 19:56:19] EDIT tiendabip/models/db.py: 3
[2014-12-01 19:59:49] EDIT tiendabip/models/db.py: 0
[2014-12-01 20:58:05] EDIT tiendabip/models/db_tiendabip.py: 8
[2014-12-01 20:58:13] EDIT tiendabip/models/db_tiendabip.py: 0
[2014-12-01 20:58:46] EDIT tiendabip/models/db_tiendabip.py: 0
[2014-12-01 20:59:18] EDIT tiendabip/models/db_tiendabip.py: 0
[2014-12-01 20:59:47] EDIT tiendabip/models/db_tiendabip.py: 0
[2014-12-01 21:00:34] EDIT tiendabip/models/db_tiendabip.py: 0
[2014-12-01 22:02:19] EDIT tiendabip/views/default/user.html: 3
[2014-12-01 22:07:54] EDIT tiendabip/views/default/user.html: 1
[2014-12-01 22:07:58] EDIT tiendabip/views/default/user.html: 0
[2014-12-01 22:11:46] EDIT tiendabip/views/default/user.html: 1
[2014-12-01 22:12:28] EDIT tiendabip/views/default/user.html: -5
[2014-12-01 22:15:01] EDIT tiendabip/views/default/user.html: 5
[2014-12-01 22:46:14] EDIT tiendabip/views/default/user.html: 0
[2014-12-01 22:50:59] EDIT tiendabip/views/default/user.html: 0
[2014-12-01 22:53:20] EDIT tiendabip/views/default/user.html: 1
[2014-12-01 22:59:51] EDIT tiendabip/views/default/user.html: 0
[2014-12-01 23:00:14] EDIT tiendabip/views/default/user.html: 0
[2014-12-01 23:09:49] EDIT tiendabip/views/default/user.html: 0
[2014-12-01 23:10:13] EDIT tiendabip/views/default/user.html: 0
[2014-12-01 23:15:42] EDIT tiendabip/views/default/user.html: -5
[2014-12-01 23:16:21] EDIT tiendabip/controllers/default.py: 4
[2014-12-01 23:18:04] EDIT tiendabip/controllers/default.py: 0
[2014-12-01 23:19:09] EDIT tiendabip/controllers/default.py: 0
[2014-12-01 23:27:24] EDIT tiendabip/controllers/default.py: 1
[2014-12-01 23:27:48] EDIT tiendabip/controllers/default.py: 0
[2014-12-01 23:29:05] EDIT tiendabip/controllers/default.py: 0
[2014-12-01 23:31:15] EDIT tiendabip/controllers/default.py: 1
[2014-12-01 23:32:05] EDIT tiendabip/controllers/default.py: 0
[2014-12-01 23:34:14] EDIT tiendabip/controllers/default.py: 1
[2014-12-01 23:34:23] EDIT tiendabip/controllers/default.py: 0
[2014-12-01 23:35:14] EDIT tiendabip/controllers/default.py: 1
[2014-12-01 23:35:51] EDIT tiendabip/controllers/default.py: 1
[2014-12-01 23:37:18] EDIT tiendabip/controllers/default.py: 0
[2014-12-01 23:39:26] EDIT tiendabip/controllers/default.py: 0
[2014-12-01 23:40:14] EDIT tiendabip/controllers/default.py: 0
[2014-12-01 23:40:31] EDIT tiendabip/controllers/default.py: 0
[2014-12-01 23:42:26] EDIT tiendabip/controllers/default.py: 0
[2014-12-01 23:44:57] EDIT tiendabip/controllers/default.py: 0
[2014-12-01 23:45:52] EDIT tiendabip/controllers/default.py: 0
[2014-12-01 23:50:04] EDIT tiendabip/controllers/default.py: -4
[2014-12-01 23:50:30] EDIT tiendabip/controllers/default.py: 0
[2014-12-01 23:52:25] EDIT tiendabip/controllers/default.py: 0
[2014-12-01 23:52:40] EDIT tiendabip/controllers/default.py: 0
[2014-12-01 23:58:33] EDIT tiendabip/controllers/default.py: 0
[2014-12-01 23:58:55] EDIT tiendabip/controllers/default.py: 0
[2014-12-02 00:05:29] EDIT tiendabip/controllers/default.py: 0
[2014-12-02 00:05:31] EDIT tiendabip/controllers/default.py: 0
[2014-12-02 00:05:32] EDIT tiendabip/controllers/default.py: 0
[2014-12-02 00:05:32] EDIT tiendabip/controllers/default.py: 0
[2014-12-02 00:05:57] EDIT tiendabip/controllers/default.py: 0
[2014-12-02 00:26:21] EDIT tiendabip/controllers/default.py: 0
[2014-12-02 00:26:45] EDIT tiendabip/controllers/default.py: 0
[2014-12-02 00:26:47] EDIT tiendabip/controllers/default.py: 0
[2014-12-02 01:27:01] EDIT tiendabip/controllers/default.py: -1
[2014-12-02 01:29:07] EDIT tiendabip/controllers/default.py: -4
[2014-12-02 01:29:34] EDIT tiendabip/controllers/default.py: 0
[2014-12-02 01:30:02] EDIT tiendabip/views/default/user.html: -1
[2014-12-02 01:30:11] EDIT tiendabip/controllers/default.py: 4
[2014-12-02 02:38:14] EDIT tiendabip/models/db_tiendabip.py: 2
[2014-12-02 02:38:30] EDIT tiendabip/models/db_tiendabip.py: 0
[2014-12-02 02:46:12] EDIT tiendabip/models/db_tiendabip.py: 0
[2014-12-02 02:48:00] EDIT tiendabip/models/db_tiendabip.py: -1
[2014-12-02 02:48:47] EDIT tiendabip/controllers/default.py: 1
[2014-12-02 02:51:32] EDIT tiendabip/controllers/appadmin.py: 0
[2014-12-02 02:52:06] EDIT tiendabip/models/db_tiendabip.py: 0
[2014-12-02 02:52:57] EDIT tiendabip/models/db_tiendabip.py: 0
[2014-12-02 03:11:31] EDIT tiendabip/controllers/appadmin.py: 2
[2014-12-02 03:12:01] EDIT tiendabip/controllers/appadmin.py: 0
[2014-12-02 03:12:40] EDIT tiendabip/controllers/appadmin.py: 0
[2014-12-02 03:14:05] EDIT tiendabip/controllers/appadmin.py: 0
[2014-12-02 03:20:37] EDIT tiendabip/controllers/appadmin.py: 2
[2014-12-02 03:20:58] EDIT tiendabip/controllers/appadmin.py: -1
[2014-12-02 03:28:45] EDIT tiendabip/controllers/appadmin.py: 2
[2014-12-02 03:28:59] EDIT tiendabip/controllers/appadmin.py: 0
[2014-12-02 03:35:53] EDIT tiendabip/controllers/appadmin.py: 1
[2014-12-02 03:36:11] EDIT tiendabip/controllers/appadmin.py: -2
[2014-12-02 03:42:05] EDIT tiendabip/models/db_tiendabip.py: 3
[2014-12-02 03:42:26] EDIT tiendabip/models/db_tiendabip.py: 0
[2014-12-02 03:42:53] EDIT tiendabip/models/db_tiendabip.py: 0
[2014-12-02 04:12:28] EDIT tiendabip/controllers/default.py: 0
[2014-12-02 04:22:18] EDIT tiendabip/controllers/default.py: 8
[2014-12-02 04:23:36] CREATE default/create_item.html: 0
[2014-12-02 04:23:55] EDIT tiendabip/controllers/default.py: 0
[2014-12-02 04:25:06] EDIT tiendabip/views/default/create_item.html: 0
[2014-12-02 04:32:05] EDIT tiendabip/controllers/default.py: 0
[2014-12-02 06:44:33] EDIT tiendabip/controllers/default.py: 2
[2014-12-02 06:51:25] EDIT tiendabip/controllers/default.py: 0
[2014-12-16 12:23:21] EDIT tiendabip/models/db_tiendabip.py: 13
[2014-12-16 12:35:53] EDIT tiendabip/models/db_tiendabip.py: 7
[2014-12-16 12:36:11] EDIT tiendabip/models/db_tiendabip.py: 0
[2014-12-16 12:36:23] EDIT tiendabip/models/db_tiendabip.py: 0
[2014-12-16 12:36:29] EDIT tiendabip/models/db_tiendabip.py: 0
[2014-12-16 12:36:45] EDIT tiendabip/models/db_tiendabip.py: 0
[2014-12-16 14:03:46] EDIT tiendabip/models/db_tiendabip.py: 13
[2014-12-16 14:46:27] EDIT tiendabip/models/db_tiendabip.py: 11
[2014-12-16 14:48:49] EDIT tiendabip/models/db_tiendabip.py: 2
[2014-12-16 14:52:09] EDIT tiendabip/models/db_tiendabip.py: 2
[2014-12-16 14:52:19] EDIT tiendabip/models/db_tiendabip.py: 0
[2014-12-16 14:52:34] EDIT tiendabip/models/db_tiendabip.py: 0
[2014-12-16 14:54:12] EDIT tiendabip/models/db_tiendabip.py: 0
[2014-12-16 14:55:26] EDIT tiendabip/models/db_tiendabip.py: 0
[2015-01-03 17:35:26] EDIT tiendabip/models/db_tiendabip.py: 5
[2015-01-03 17:39:01] EDIT tiendabip/models/db_tiendabip.py: 0
[2015-01-03 17:48:35] EDIT tiendabip/models/db_tiendabip.py: 0
[2015-01-03 17:53:40] EDIT tiendabip/models/db_tiendabip.py: 0
[2015-01-03 18:00:04] EDIT tiendabip/models/db_tiendabip.py: 0
[2015-01-03 18:02:21] EDIT tiendabip/models/db_tiendabip.py: 9
[2015-01-03 18:04:52] EDIT tiendabip/models/db_tiendabip.py: 0
[2015-01-03 18:07:20] EDIT tiendabip/models/db_tiendabip.py: 0
[2015-01-03 18:12:59] EDIT tiendabip/models/db_tiendabip.py: 0
[2015-01-03 18:17:29] EDIT tiendabip/models/db_tiendabip.py: 0
[2015-01-03 18:19:34] EDIT tiendabip/models/db_tiendabip.py: 0
[2015-01-03 18:22:06] EDIT tiendabip/models/db_tiendabip.py: 0
[2015-01-03 18:25:07] EDIT tiendabip/models/db_tiendabip.py: -9
[2015-01-03 18:27:37] EDIT tiendabip/models/db_tiendabip.py: 0
