timestamp: 2015-02-16T11:53:38.869584
CREATE TABLE auth_user(
    id INT AUTO_INCREMENT NOT NULL,
    first_name VARCHAR(128),
    last_name VARCHAR(128),
    email VARCHAR(512),
    password VARCHAR(512),
    registration_key VARCHAR(512),
    reset_password_key VARCHAR(512),
    registration_id VARCHAR(512),
    PRIMARY KEY (id)
) ENGINE=InnoDB CHARACTER SET utf8;
success!
timestamp: 2015-02-16T11:53:38.876507
CREATE TABLE auth_group(
    id INT AUTO_INCREMENT NOT NULL,
    role VARCHAR(512),
    description LONGTEXT,
    PRIMARY KEY (id)
) ENGINE=InnoDB CHARACTER SET utf8;
success!
timestamp: 2015-02-16T11:53:38.883069
CREATE TABLE auth_membership(
    id INT AUTO_INCREMENT NOT NULL,
    user_id INT, INDEX user_id__idx (user_id), FOREIGN KEY (user_id) REFERENCES auth_user (id) ON DELETE CASCADE,
    group_id INT, INDEX group_id__idx (group_id), FOREIGN KEY (group_id) REFERENCES auth_group (id) ON DELETE CASCADE,
    PRIMARY KEY (id)
) ENGINE=InnoDB CHARACTER SET utf8;
success!
timestamp: 2015-02-16T11:53:38.891169
CREATE TABLE auth_permission(
    id INT AUTO_INCREMENT NOT NULL,
    group_id INT, INDEX group_id__idx (group_id), FOREIGN KEY (group_id) REFERENCES auth_group (id) ON DELETE CASCADE,
    name VARCHAR(512),
    table_name VARCHAR(512),
    record_id INT,
    PRIMARY KEY (id)
) ENGINE=InnoDB CHARACTER SET utf8;
success!
timestamp: 2015-02-16T11:53:38.898730
CREATE TABLE auth_event(
    id INT AUTO_INCREMENT NOT NULL,
    time_stamp DATETIME,
    client_ip VARCHAR(512),
    user_id INT, INDEX user_id__idx (user_id), FOREIGN KEY (user_id) REFERENCES auth_user (id) ON DELETE CASCADE,
    origin VARCHAR(512),
    description LONGTEXT,
    PRIMARY KEY (id)
) ENGINE=InnoDB CHARACTER SET utf8;
success!
timestamp: 2015-02-16T11:53:38.906093
CREATE TABLE auth_cas(
    id INT AUTO_INCREMENT NOT NULL,
    user_id INT, INDEX user_id__idx (user_id), FOREIGN KEY (user_id) REFERENCES auth_user (id) ON DELETE CASCADE,
    created_on DATETIME,
    service VARCHAR(512),
    ticket VARCHAR(512),
    renew CHAR(1),
    PRIMARY KEY (id)
) ENGINE=InnoDB CHARACTER SET utf8;
success!
timestamp: 2015-02-16T11:53:38.918424
CREATE TABLE container(
    id INT AUTO_INCREMENT NOT NULL,
    barcode VARCHAR(512) NOT NULL UNIQUE,
    is_active CHAR(1),
    created_on DATETIME,
    created_by INT, INDEX created_by__idx (created_by), FOREIGN KEY (created_by) REFERENCES auth_user (id) ON DELETE CASCADE,
    modified_on DATETIME,
    modified_by INT, INDEX modified_by__idx (modified_by), FOREIGN KEY (modified_by) REFERENCES auth_user (id) ON DELETE CASCADE,
    PRIMARY KEY (id)
) ENGINE=InnoDB CHARACTER SET utf8;
timestamp: 2015-02-16T11:54:20.811967
CREATE TABLE container(
    id INT AUTO_INCREMENT NOT NULL,
    barcode VARCHAR(512) NOT NULL UNIQUE,
    is_active CHAR(1),
    created_on DATETIME,
    created_by INT, INDEX created_by__idx (created_by), FOREIGN KEY (created_by) REFERENCES auth_user (id) ON DELETE CASCADE,
    modified_on DATETIME,
    modified_by INT, INDEX modified_by__idx (modified_by), FOREIGN KEY (modified_by) REFERENCES auth_user (id) ON DELETE CASCADE,
    PRIMARY KEY (id)
) ENGINE=InnoDB CHARACTER SET utf8;
timestamp: 2015-02-16T11:55:20.688774
CREATE TABLE container(
    id INT AUTO_INCREMENT NOT NULL,
    barcode VARCHAR(512) NOT NULL UNIQUE,
    is_active CHAR(1),
    created_on DATETIME,
    created_by INT, INDEX created_by__idx (created_by), FOREIGN KEY (created_by) REFERENCES auth_user (id) ON DELETE CASCADE,
    modified_on DATETIME,
    modified_by INT, INDEX modified_by__idx (modified_by), FOREIGN KEY (modified_by) REFERENCES auth_user (id) ON DELETE CASCADE,
    PRIMARY KEY (id)
) ENGINE=InnoDB CHARACTER SET utf8;
timestamp: 2015-02-16T11:55:56.577391
CREATE TABLE container(
    id INT AUTO_INCREMENT NOT NULL,
    barcode VARCHAR(512) NOT NULL UNIQUE,
    is_active CHAR(1),
    created_on DATETIME,
    created_by INT, INDEX created_by__idx (created_by), FOREIGN KEY (created_by) REFERENCES auth_user (id) ON DELETE CASCADE,
    modified_on DATETIME,
    modified_by INT, INDEX modified_by__idx (modified_by), FOREIGN KEY (modified_by) REFERENCES auth_user (id) ON DELETE CASCADE,
    PRIMARY KEY (id)
) ENGINE=InnoDB CHARACTER SET utf8;
timestamp: 2015-02-16T11:56:22.836818
CREATE TABLE container(
    id INT AUTO_INCREMENT NOT NULL,
    barcode VARCHAR(512) NOT NULL UNIQUE,
    is_active CHAR(1),
    created_on DATETIME,
    created_by INT, INDEX created_by__idx (created_by), FOREIGN KEY (created_by) REFERENCES auth_user (id) ON DELETE CASCADE,
    modified_on DATETIME,
    modified_by INT, INDEX modified_by__idx (modified_by), FOREIGN KEY (modified_by) REFERENCES auth_user (id) ON DELETE CASCADE,
    PRIMARY KEY (id)
) ENGINE=InnoDB CHARACTER SET utf8;
timestamp: 2015-02-16T11:56:36.720343
CREATE TABLE container(
    id INT AUTO_INCREMENT NOT NULL,
    barcode VARCHAR(512) NOT NULL UNIQUE,
    is_active CHAR(1),
    created_on DATETIME,
    created_by INT, INDEX created_by__idx (created_by), FOREIGN KEY (created_by) REFERENCES auth_user (id) ON DELETE CASCADE,
    modified_on DATETIME,
    modified_by INT, INDEX modified_by__idx (modified_by), FOREIGN KEY (modified_by) REFERENCES auth_user (id) ON DELETE CASCADE,
    PRIMARY KEY (id)
) ENGINE=InnoDB CHARACTER SET utf8;
timestamp: 2015-02-16T11:56:48.431410
CREATE TABLE container(
    id INT AUTO_INCREMENT NOT NULL,
    barcode VARCHAR(512) NOT NULL UNIQUE,
    is_active CHAR(1),
    created_on DATETIME,
    created_by INT, INDEX created_by__idx (created_by), FOREIGN KEY (created_by) REFERENCES auth_user (id) ON DELETE CASCADE,
    modified_on DATETIME,
    modified_by INT, INDEX modified_by__idx (modified_by), FOREIGN KEY (modified_by) REFERENCES auth_user (id) ON DELETE CASCADE,
    PRIMARY KEY (id)
) ENGINE=InnoDB CHARACTER SET utf8;
timestamp: 2015-02-16T11:57:09.578329
CREATE TABLE container(
    id INT AUTO_INCREMENT NOT NULL,
    barcode VARCHAR(512) NOT NULL UNIQUE,
    is_active CHAR(1),
    created_on DATETIME,
    created_by INT, INDEX created_by__idx (created_by), FOREIGN KEY (created_by) REFERENCES auth_user (id) ON DELETE CASCADE,
    modified_on DATETIME,
    modified_by INT, INDEX modified_by__idx (modified_by), FOREIGN KEY (modified_by) REFERENCES auth_user (id) ON DELETE CASCADE,
    PRIMARY KEY (id)
) ENGINE=InnoDB CHARACTER SET utf8;
timestamp: 2015-02-16T11:57:21.575478
CREATE TABLE container(
    id INT AUTO_INCREMENT NOT NULL,
    barcode VARCHAR(512) NOT NULL UNIQUE,
    is_active CHAR(1),
    created_on DATETIME,
    created_by INT, INDEX created_by__idx (created_by), FOREIGN KEY (created_by) REFERENCES auth_user (id) ON DELETE CASCADE,
    modified_on DATETIME,
    modified_by INT, INDEX modified_by__idx (modified_by), FOREIGN KEY (modified_by) REFERENCES auth_user (id) ON DELETE CASCADE,
    PRIMARY KEY (id)
) ENGINE=InnoDB CHARACTER SET utf8;
timestamp: 2015-02-16T11:58:35.565419
CREATE TABLE container(
    id INT AUTO_INCREMENT NOT NULL,
    barcode VARCHAR(512) NOT NULL UNIQUE,
    is_active CHAR(1),
    created_on DATETIME,
    created_by INT, INDEX created_by__idx (created_by), FOREIGN KEY (created_by) REFERENCES auth_user (id) ON DELETE CASCADE,
    modified_on DATETIME,
    modified_by INT, INDEX modified_by__idx (modified_by), FOREIGN KEY (modified_by) REFERENCES auth_user (id) ON DELETE CASCADE,
    PRIMARY KEY (id)
) ENGINE=InnoDB CHARACTER SET utf8;
timestamp: 2015-02-16T11:58:47.086362
CREATE TABLE container(
    id INT AUTO_INCREMENT NOT NULL,
    barcode VARCHAR(512) NOT NULL UNIQUE,
    is_active CHAR(1),
    created_on DATETIME,
    created_by INT, INDEX created_by__idx (created_by), FOREIGN KEY (created_by) REFERENCES auth_user (id) ON DELETE CASCADE,
    modified_on DATETIME,
    modified_by INT, INDEX modified_by__idx (modified_by), FOREIGN KEY (modified_by) REFERENCES auth_user (id) ON DELETE CASCADE,
    PRIMARY KEY (id)
) ENGINE=InnoDB CHARACTER SET utf8;
timestamp: 2015-02-16T11:59:03.851128
CREATE TABLE container(
    id INT AUTO_INCREMENT NOT NULL,
    barcode VARCHAR(512) NOT NULL UNIQUE,
    is_active CHAR(1),
    created_on DATETIME,
    created_by INT, INDEX created_by__idx (created_by), FOREIGN KEY (created_by) REFERENCES auth_user (id) ON DELETE CASCADE,
    modified_on DATETIME,
    modified_by INT, INDEX modified_by__idx (modified_by), FOREIGN KEY (modified_by) REFERENCES auth_user (id) ON DELETE CASCADE,
    PRIMARY KEY (id)
) ENGINE=InnoDB CHARACTER SET utf8;
timestamp: 2015-02-16T11:59:15.093945
CREATE TABLE container(
    id INT AUTO_INCREMENT NOT NULL,
    barcode VARCHAR(512) NOT NULL UNIQUE,
    is_active CHAR(1),
    created_on DATETIME,
    created_by INT, INDEX created_by__idx (created_by), FOREIGN KEY (created_by) REFERENCES auth_user (id) ON DELETE CASCADE,
    modified_on DATETIME,
    modified_by INT, INDEX modified_by__idx (modified_by), FOREIGN KEY (modified_by) REFERENCES auth_user (id) ON DELETE CASCADE,
    PRIMARY KEY (id)
) ENGINE=InnoDB CHARACTER SET utf8;
timestamp: 2015-02-16T12:00:57.910859
CREATE TABLE container(
    id INT AUTO_INCREMENT NOT NULL,
    barcode VARCHAR(512) NOT NULL UNIQUE,
    is_active CHAR(1),
    created_on DATETIME,
    created_by INT, INDEX created_by__idx (created_by), FOREIGN KEY (created_by) REFERENCES auth_user (id) ON DELETE CASCADE,
    modified_on DATETIME,
    modified_by INT, INDEX modified_by__idx (modified_by), FOREIGN KEY (modified_by) REFERENCES auth_user (id) ON DELETE CASCADE,
    PRIMARY KEY (id)
) ENGINE=InnoDB CHARACTER SET utf8;
timestamp: 2015-02-16T12:01:41.440191
CREATE TABLE container(
    id INT AUTO_INCREMENT NOT NULL,
    barcode VARCHAR(512) NOT NULL UNIQUE,
    is_active CHAR(1),
    created_on DATETIME,
    created_by INT, INDEX created_by__idx (created_by), FOREIGN KEY (created_by) REFERENCES auth_user (id) ON DELETE CASCADE,
    modified_on DATETIME,
    modified_by INT, INDEX modified_by__idx (modified_by), FOREIGN KEY (modified_by) REFERENCES auth_user (id) ON DELETE CASCADE,
    PRIMARY KEY (id)
) ENGINE=InnoDB CHARACTER SET utf8;
timestamp: 2015-02-16T12:02:04.918768
CREATE TABLE container(
    id INT AUTO_INCREMENT NOT NULL,
    barcode VARCHAR(512) NOT NULL UNIQUE,
    is_active CHAR(1),
    created_on DATETIME,
    created_by INT, INDEX created_by__idx (created_by), FOREIGN KEY (created_by) REFERENCES auth_user (id) ON DELETE CASCADE,
    modified_on DATETIME,
    modified_by INT, INDEX modified_by__idx (modified_by), FOREIGN KEY (modified_by) REFERENCES auth_user (id) ON DELETE CASCADE,
    PRIMARY KEY (id)
) ENGINE=InnoDB CHARACTER SET utf8;
timestamp: 2015-02-16T12:02:16.982664
CREATE TABLE container(
    id INT AUTO_INCREMENT NOT NULL,
    barcode VARCHAR(512) NOT NULL,
    is_active CHAR(1),
    created_on DATETIME,
    created_by INT, INDEX created_by__idx (created_by), FOREIGN KEY (created_by) REFERENCES auth_user (id) ON DELETE CASCADE,
    modified_on DATETIME,
    modified_by INT, INDEX modified_by__idx (modified_by), FOREIGN KEY (modified_by) REFERENCES auth_user (id) ON DELETE CASCADE,
    PRIMARY KEY (id)
) ENGINE=InnoDB CHARACTER SET utf8;
success!
timestamp: 2015-02-16T12:02:16.994083
CREATE TABLE pieza(
    id INT AUTO_INCREMENT NOT NULL,
    barcode1 VARCHAR(512) NOT NULL,
    barcode2 VARCHAR(512) NOT NULL,
    is_active CHAR(1),
    created_on DATETIME,
    created_by INT, INDEX created_by__idx (created_by), FOREIGN KEY (created_by) REFERENCES auth_user (id) ON DELETE CASCADE,
    modified_on DATETIME,
    modified_by INT, INDEX modified_by__idx (modified_by), FOREIGN KEY (modified_by) REFERENCES auth_user (id) ON DELETE CASCADE,
    PRIMARY KEY (id)
) ENGINE=InnoDB CHARACTER SET utf8;
success!
timestamp: 2015-02-16T12:02:17.002001
CREATE TABLE impreso(
    id INT AUTO_INCREMENT NOT NULL,
    record VARCHAR(512),
    barcode VARCHAR(512) NOT NULL,
    segment VARCHAR(512),
    consecutive INT,
    PRIMARY KEY (id)
) ENGINE=InnoDB CHARACTER SET utf8;
success!
timestamp: 2015-02-16T12:15:54.227374
ALTER TABLE container ADD barcode__tmp VARCHAR(100) NOT NULL UNIQUE;
success!
UPDATE container SET barcode__tmp=barcode;
success!
ALTER TABLE container DROP COLUMN barcode;
success!
ALTER TABLE container ADD barcode VARCHAR(100) NOT NULL UNIQUE;
success!
UPDATE container SET barcode=barcode__tmp;
success!
ALTER TABLE container DROP COLUMN barcode__tmp;
success!
success!
timestamp: 2015-02-16T12:15:54.409592
ALTER TABLE pieza ADD barcode1__tmp VARCHAR(100) NOT NULL;
success!
UPDATE pieza SET barcode1__tmp=barcode1;
success!
ALTER TABLE pieza DROP COLUMN barcode1;
success!
ALTER TABLE pieza ADD barcode1 VARCHAR(100) NOT NULL;
success!
UPDATE pieza SET barcode1=barcode1__tmp;
success!
ALTER TABLE pieza DROP COLUMN barcode1__tmp;
success!
timestamp: 2015-02-16T12:15:54.523898
ALTER TABLE pieza ADD barcode2__tmp VARCHAR(100) NOT NULL;
success!
UPDATE pieza SET barcode2__tmp=barcode2;
success!
ALTER TABLE pieza DROP COLUMN barcode2;
success!
ALTER TABLE pieza ADD barcode2 VARCHAR(100) NOT NULL;
success!
UPDATE pieza SET barcode2=barcode2__tmp;
success!
ALTER TABLE pieza DROP COLUMN barcode2__tmp;
success!
timestamp: 2015-02-16T12:15:54.688148
ALTER TABLE impreso ADD record__tmp LONGTEXT;
success!
UPDATE impreso SET record__tmp=record;
success!
ALTER TABLE impreso DROP COLUMN record;
success!
ALTER TABLE impreso ADD record LONGTEXT;
success!
UPDATE impreso SET record=record__tmp;
success!
ALTER TABLE impreso DROP COLUMN record__tmp;
success!
timestamp: 2015-02-16T12:15:54.883181
ALTER TABLE impreso ADD barcode__tmp VARCHAR(100) NOT NULL UNIQUE;
success!
UPDATE impreso SET barcode__tmp=barcode;
success!
ALTER TABLE impreso DROP COLUMN barcode;
success!
ALTER TABLE impreso ADD barcode VARCHAR(100) NOT NULL UNIQUE;
success!
UPDATE impreso SET barcode=barcode__tmp;
success!
ALTER TABLE impreso DROP COLUMN barcode__tmp;
success!
success!
timestamp: 2015-02-16T12:16:29.884910
ALTER TABLE pieza ADD barcode1__tmp VARCHAR(100) NOT NULL UNIQUE;
success!
UPDATE pieza SET barcode1__tmp=barcode1;
success!
ALTER TABLE pieza DROP COLUMN barcode1;
success!
ALTER TABLE pieza ADD barcode1 VARCHAR(100) NOT NULL UNIQUE;
success!
UPDATE pieza SET barcode1=barcode1__tmp;
success!
ALTER TABLE pieza DROP COLUMN barcode1__tmp;
success!
timestamp: 2015-02-16T12:16:30.018950
ALTER TABLE pieza ADD barcode2__tmp VARCHAR(100) NOT NULL UNIQUE;
success!
UPDATE pieza SET barcode2__tmp=barcode2;
success!
ALTER TABLE pieza DROP COLUMN barcode2;
success!
ALTER TABLE pieza ADD barcode2 VARCHAR(100) NOT NULL UNIQUE;
success!
UPDATE pieza SET barcode2=barcode2__tmp;
success!
ALTER TABLE pieza DROP COLUMN barcode2__tmp;
success!
timestamp: 2015-02-16T14:12:27.197809
ALTER TABLE pieza ADD container INT, ADD INDEX container__idx (container), ADD FOREIGN KEY (container) REFERENCES container (id) ON DELETE CASCADE;
success!
success!
timestamp: 2015-02-25T20:12:26.451334
CREATE TABLE auth_user(
    id INTEGER PRIMARY KEY AUTOINCREMENT,
    first_name CHAR(128),
    last_name CHAR(128),
    email CHAR(512),
    password CHAR(512),
    registration_key CHAR(512),
    reset_password_key CHAR(512),
    registration_id CHAR(512)
);
success!
timestamp: 2015-02-25T20:12:26.517488
CREATE TABLE auth_group(
    id INTEGER PRIMARY KEY AUTOINCREMENT,
    role CHAR(512),
    description TEXT
);
success!
timestamp: 2015-02-25T20:12:26.580089
CREATE TABLE auth_membership(
    id INTEGER PRIMARY KEY AUTOINCREMENT,
    user_id INTEGER REFERENCES auth_user (id) ON DELETE CASCADE,
    group_id INTEGER REFERENCES auth_group (id) ON DELETE CASCADE
);
success!
timestamp: 2015-02-25T20:12:26.648597
CREATE TABLE auth_permission(
    id INTEGER PRIMARY KEY AUTOINCREMENT,
    group_id INTEGER REFERENCES auth_group (id) ON DELETE CASCADE,
    name CHAR(512),
    table_name CHAR(512),
    record_id INTEGER
);
success!
timestamp: 2015-02-25T20:12:26.717402
CREATE TABLE auth_event(
    id INTEGER PRIMARY KEY AUTOINCREMENT,
    time_stamp TIMESTAMP,
    client_ip CHAR(512),
    user_id INTEGER REFERENCES auth_user (id) ON DELETE CASCADE,
    origin CHAR(512),
    description TEXT
);
success!
timestamp: 2015-02-25T20:12:26.790259
CREATE TABLE auth_cas(
    id INTEGER PRIMARY KEY AUTOINCREMENT,
    user_id INTEGER REFERENCES auth_user (id) ON DELETE CASCADE,
    created_on TIMESTAMP,
    service CHAR(512),
    ticket CHAR(512),
    renew CHAR(1)
);
success!
timestamp: 2015-02-25T20:12:26.887577
CREATE TABLE container(
    id INTEGER PRIMARY KEY AUTOINCREMENT,
    barcode CHAR(100) NOT NULL UNIQUE,
    is_active CHAR(1),
    created_on TIMESTAMP,
    created_by INTEGER REFERENCES auth_user (id) ON DELETE CASCADE,
    modified_on TIMESTAMP,
    modified_by INTEGER REFERENCES auth_user (id) ON DELETE CASCADE
);
success!
timestamp: 2015-02-25T20:12:26.955604
CREATE TABLE impreso(
    id INTEGER PRIMARY KEY AUTOINCREMENT,
    record TEXT,
    barcode CHAR(100) NOT NULL UNIQUE,
    segment CHAR(512),
    consecutive INTEGER
);
success!
timestamp: 2015-02-25T20:12:27.036381
CREATE TABLE pieza(
    id INTEGER PRIMARY KEY AUTOINCREMENT,
    barcode1 CHAR(100) NOT NULL UNIQUE,
    barcode2 CHAR(100) NOT NULL UNIQUE,
    container INTEGER REFERENCES container (id) ON DELETE CASCADE,
    is_active CHAR(1),
    created_on TIMESTAMP,
    created_by INTEGER REFERENCES auth_user (id) ON DELETE CASCADE,
    modified_on TIMESTAMP,
    modified_by INTEGER REFERENCES auth_user (id) ON DELETE CASCADE
);
success!
