[2015-07-24 10:06:40] START
[2015-07-24 10:07:28] CREATE acuse.py: 0
[2015-07-24 10:16:01] EDIT acsmejorado/models/acuse.py: 12
[2015-07-24 10:16:55] EDIT acsmejorado/models/acuse.py: 0
[2015-07-24 10:17:30] EDIT acsmejorado/models/acuse.py: 0
[2015-07-24 10:19:33] DELETE acsmejorado/models/acuse.py: -12
[2015-07-24 10:19:54] CREATE tblacuse.py: 0
[2015-07-24 10:20:01] EDIT acsmejorado/models/tblacuse.py: 12
[2015-07-24 10:37:00] EDIT acsmejorado/models/tblacuse.py: 0
[2015-07-24 10:58:02] EDIT acsmejorado/models/tblacuse.py: 0
[2015-07-24 10:58:11] EDIT acsmejorado/models/tblacuse.py: 0
[2015-07-24 11:45:13] EDIT acsmejorado/models/tblacuse.py: 0
[2015-07-24 11:59:26] EDIT acsmejorado/models/tblacuse.py: 3
[2015-07-24 11:59:36] EDIT acsmejorado/models/tblacuse.py: 0
[2015-07-24 16:35:00] EDIT acsmejorado/models/tblacuse.py: 0
[2015-07-24 16:36:06] EDIT acsmejorado/models/tblacuse.py: 0
[2015-07-24 16:37:07] EDIT acsmejorado/models/tblacuse.py: 0
[2015-07-24 16:38:26] EDIT acsmejorado/models/tblacuse.py: 0
[2015-07-24 16:39:48] EDIT acsmejorado/models/tblacuse.py: 0
[2015-07-24 16:52:47] EDIT acsmejorado/controllers/default.py: -7
[2015-07-24 16:57:16] EDIT acsmejorado/controllers/default.py: 2
[2015-07-24 16:59:59] EDIT acsmejorado/controllers/default.py: 1
[2015-07-24 17:00:09] EDIT acsmejorado/controllers/default.py: 0
[2015-07-24 17:02:47] EDIT acsmejorado/controllers/default.py: 0
[2015-07-24 17:04:37] EDIT acsmejorado/controllers/default.py: 0
[2015-07-24 17:05:05] EDIT acsmejorado/controllers/default.py: 0
[2015-07-24 17:05:49] EDIT acsmejorado/controllers/default.py: 0
[2015-07-24 17:07:25] EDIT acsmejorado/controllers/default.py: 1
[2015-07-24 17:13:06] EDIT acsmejorado/controllers/default.py: 1
[2015-07-24 17:29:32] EDIT acsmejorado/views/default/index.html: -25
[2015-07-24 17:30:27] EDIT acsmejorado/views/layout.html: 17
[2015-07-24 17:30:45] EDIT acsmejorado/views/default/index.html: 1
[2015-07-24 17:32:53] EDIT acsmejorado/views/default/index.html: -1
[2015-07-24 17:33:00] EDIT acsmejorado/views/default/index.html: 0
[2015-07-24 17:34:13] EDIT acsmejorado/views/default/index.html: 1
[2015-07-24 17:42:44] EDIT acsmejorado/views/default/index.html: -5
[2015-07-24 17:43:14] EDIT acsmejorado/views/layout.html: -16
[2015-07-24 17:44:04] EDIT acsmejorado/views/default/index.html: 16
[2015-07-24 17:49:52] EDIT acsmejorado/views/default/index.html: 0
[2015-07-24 17:51:58] EDIT acsmejorado/views/default/index.html: 16
[2015-07-24 17:52:19] EDIT acsmejorado/views/default/index.html: 0
[2015-07-24 17:54:30] EDIT acsmejorado/views/default/index.html: -1
[2015-07-24 17:55:22] EDIT acsmejorado/views/default/index.html: 4
[2015-07-24 17:58:20] EDIT acsmejorado/views/default/index.html: 1
[2015-07-24 17:59:34] EDIT acsmejorado/views/default/index.html: 0
[2015-07-24 18:02:30] EDIT acsmejorado/views/default/index.html: 0
[2015-07-24 18:03:51] EDIT acsmejorado/controllers/default.py: 1
[2015-07-24 18:04:03] EDIT acsmejorado/controllers/default.py: 0
[2015-07-24 18:04:21] EDIT acsmejorado/views/default/index.html: 0
[2015-07-24 18:05:01] EDIT acsmejorado/views/default/index.html: -4
[2015-07-24 18:05:22] EDIT acsmejorado/views/default/index.html: -34
[2015-07-24 22:21:37] DELETE acsmejorado/views/default/index.html: -1
[2015-07-24 22:21:59] CREATE default/index.html: 0
[2015-07-24 22:22:29] EDIT acsmejorado/views/default/index.html: 0
[2015-07-24 22:27:49] EDIT acsmejorado/views/default/index.html: 31
[2015-07-24 22:28:05] EDIT acsmejorado/views/default/index.html: 1
[2015-07-24 22:29:30] EDIT acsmejorado/views/default/index.html: 0
[2015-07-24 22:30:03] EDIT acsmejorado/views/default/index.html: 0
[2015-07-24 22:30:38] EDIT acsmejorado/views/default/index.html: 0
[2015-07-24 22:36:01] EDIT acsmejorado/views/default/index.html: 4
[2015-07-24 22:36:27] EDIT acsmejorado/views/default/index.html: 0
[2015-07-24 22:37:37] EDIT acsmejorado/views/default/index.html: 3
[2015-07-24 22:37:43] EDIT acsmejorado/views/default/index.html: 0
[2015-07-24 22:38:17] EDIT acsmejorado/views/default/index.html: 0
[2015-07-28 10:07:24] EDIT acsmejorado/views/default/index.html: 2
[2015-07-28 10:09:26] EDIT acsmejorado/views/default/index.html: 0
[2015-07-28 10:29:54] EDIT acsmejorado/views/default/index.html: 0
[2015-07-28 10:30:21] EDIT acsmejorado/views/default/index.html: 2
[2015-07-28 10:32:35] EDIT acsmejorado/views/default/index.html: 6
[2015-07-28 10:32:56] EDIT acsmejorado/views/default/index.html: 0
[2015-07-28 10:33:31] EDIT acsmejorado/views/default/index.html: 0
[2015-07-28 10:34:29] EDIT acsmejorado/views/default/index.html: 1
[2015-07-28 10:36:16] EDIT acsmejorado/views/default/index.html: 2
[2015-07-28 10:38:50] EDIT acsmejorado/views/default/index.html: 18
[2015-07-28 10:39:55] EDIT acsmejorado/views/default/index.html: 0
[2015-07-28 10:45:29] EDIT acsmejorado/views/default/index.html: -10
[2015-07-28 10:45:39] EDIT acsmejorado/views/default/index.html: 0
[2015-08-05 09:54:51] EDIT acsmejorado/views/default/index.html: 0
[2015-08-05 09:56:32] EDIT acsmejorado/views/default/index.html: 0
[2015-08-05 09:56:34] EDIT acsmejorado/views/default/index.html: 0
