[2014-10-22 21:07:33] START
[2014-10-22 21:08:18] CREATE db_ae.py: 0
[2014-10-22 21:47:09] EDIT AE/models/db_ae.py: 37
[2014-10-22 21:56:59] EDIT AE/models/db_ae.py: 0
[2014-10-22 22:02:05] EDIT AE/controllers/default.py: -1
[2014-10-22 22:02:49] CREATE default/job.html: 0
[2014-10-22 22:08:31] EDIT AE/views/default/job.html: 6
[2014-10-22 22:12:53] EDIT AE/views/default/job.html: 1
[2014-10-22 22:15:02] EDIT AE/controllers/default.py: 2
[2014-10-22 22:20:01] EDIT AE/controllers/default.py: 5
[2014-10-22 22:21:07] CREATE default/create_job.html: 0
[2014-10-22 22:22:29] EDIT AE/views/default/create_job.html: 2
[2014-10-22 22:34:20] EDIT AE/models/db_ae.py: -1
[2014-10-22 22:35:54] EDIT AE/models/db_ae.py: 0
[2014-10-22 22:37:49] DELETE AE/views/default/job.html: -10
[2014-10-22 22:38:15] CREATE default/jobs.html: 0
[2014-10-22 22:38:41] EDIT AE/views/default/jobs.html: 7
[2014-10-22 22:40:28] EDIT AE/views/default/jobs.html: 0
[2014-10-22 22:43:55] EDIT AE/views/default/jobs.html: 1
[2014-10-22 22:46:55] EDIT AE/models/menu.py: 0
[2014-10-22 22:48:33] EDIT AE/views/default/jobs.html: 0
[2014-10-22 22:49:33] EDIT AE/views/default/jobs.html: 0
[2014-10-22 22:51:35] EDIT AE/views/default/jobs.html: 1
[2014-10-22 22:53:18] EDIT AE/controllers/default.py: 1
[2014-10-22 22:55:08] EDIT AE/models/menu.py: 0
[2014-10-22 22:55:36] EDIT AE/controllers/default.py: 0
[2014-10-22 23:04:02] EDIT AE/views/default/jobs.html: 0
[2014-10-22 23:04:55] EDIT AE/views/default/jobs.html: 2
[2014-10-22 23:06:05] EDIT AE/views/default/jobs.html: 0
[2014-10-22 23:07:37] EDIT AE/views/default/jobs.html: 0
[2014-10-22 23:10:49] EDIT AE/controllers/default.py: 3
[2014-10-22 23:11:46] CREATE default/job.html: 0
[2014-10-22 23:17:44] EDIT AE/views/default/job.html: 8
[2014-10-22 23:20:23] EDIT AE/views/default/job.html: 0
[2014-10-22 23:20:57] EDIT AE/controllers/default.py: 0
[2014-10-22 23:24:38] EDIT AE/controllers/default.py: 0
[2014-10-22 23:25:52] EDIT AE/controllers/default.py: 0
[2014-10-22 23:26:05] EDIT AE/controllers/default.py: 0
[2014-10-22 23:26:48] EDIT AE/controllers/default.py: 0
[2014-10-22 23:27:43] EDIT AE/views/default/job.html: 0
[2014-10-22 23:28:24] EDIT AE/views/default/job.html: 0
[2014-10-22 23:29:14] EDIT AE/views/default/job.html: 0
[2014-10-22 23:31:29] EDIT AE/models/db_ae.py: 0
[2014-10-22 23:38:33] EDIT AE/controllers/default.py: 2
[2014-10-22 23:56:20] EDIT AE/models/db_ae.py: 0
[2014-10-23 10:19:28] EDIT AE/controllers/default.py: 8
[2014-10-23 10:20:17] CREATE default/upload_records.html: 0
[2014-10-23 10:21:13] EDIT AE/views/default/upload_records.html: 0
[2014-10-23 10:21:46] EDIT AE/views/default/upload_records.html: 0
[2014-10-23 10:25:33] EDIT AE/views/default/job.html: 1
[2014-10-23 10:25:59] EDIT AE/controllers/default.py: 0
[2014-10-23 10:26:16] EDIT AE/controllers/default.py: 0
[2014-10-23 10:27:22] EDIT AE/views/default/job.html: 0
[2014-10-23 10:27:50] EDIT AE/views/default/job.html: 0
[2014-10-23 10:29:49] EDIT AE/controllers/default.py: 0
[2014-10-23 10:31:21] EDIT AE/controllers/default.py: 1
[2014-10-23 10:33:25] EDIT AE/controllers/default.py: 1
[2014-10-23 10:35:20] EDIT AE/views/default/job.html: 1
[2014-10-23 10:35:22] EDIT AE/views/default/job.html: 0
[2014-10-23 11:46:25] EDIT AE/controllers/default.py: 3
[2014-10-23 11:50:46] EDIT AE/controllers/default.py: 1
[2014-10-23 11:51:22] EDIT AE/controllers/default.py: 2
[2014-10-23 11:51:41] CREATE default/comunicados.html: 0
[2014-10-23 11:52:40] EDIT AE/views/default/comunicados.html: 0
[2014-10-23 11:56:06] EDIT AE/views/default/job.html: 2
[2014-10-23 11:56:40] EDIT AE/views/default/job.html: 0
[2014-10-23 11:57:12] EDIT AE/controllers/default.py: 0
[2014-10-23 11:58:07] EDIT AE/controllers/default.py: 0
[2014-10-23 11:58:45] EDIT AE/controllers/default.py: 0
[2014-10-23 12:55:04] EDIT AE/views/default/comunicados.html: 5
[2014-10-23 12:55:29] EDIT AE/views/default/comunicados.html: 0
[2014-10-23 12:55:33] EDIT AE/views/default/comunicados.html: 0
[2014-10-23 13:16:15] EDIT AE/views/default/comunicados.html: 0
[2014-10-23 13:20:20] EDIT AE/controllers/default.py: 1
[2014-10-23 13:57:59] EDIT AE/controllers/default.py: 0
[2014-10-23 14:00:36] EDIT AE/views/default/comunicados.html: 3
[2014-10-23 14:01:24] EDIT AE/views/default/comunicados.html: 1
[2014-10-23 14:03:26] EDIT AE/views/default/comunicados.html: 2
[2014-10-23 14:03:28] EDIT AE/views/default/comunicados.html: 0
[2014-10-23 14:08:54] EDIT AE/models/menu.py: 0
[2014-10-23 14:09:37] EDIT AE/views/layout.html: 0
[2014-10-23 14:12:43] EDIT AE/models/menu.py: 0
[2014-10-23 14:18:07] EDIT AE/models/db_ae.py: 0
[2014-10-23 14:20:37] EDIT AE/controllers/default.py: 1
[2014-10-23 15:11:10] EDIT AE/controllers/default.py: 0
[2014-10-23 15:12:03] EDIT AE/views/default/upload_records.html: 0
[2014-10-23 15:48:14] EDIT AE/views/default/upload_records.html: 0
[2014-10-23 15:50:30] EDIT AE/models/db_ae.py: 0
[2014-10-23 15:54:49] EDIT AE/views/default/job.html: 1
[2014-10-23 15:56:19] EDIT AE/views/default/upload_records.html: 0
[2014-10-23 16:35:31] EDIT AE/controllers/default.py: 6
[2014-10-23 16:39:50] CREATE default/mensajes.html: 0
[2014-10-23 16:41:38] EDIT AE/views/default/mensajes.html: 11
[2014-10-23 16:42:42] EDIT AE/views/default/job.html: 1
[2014-10-23 16:46:23] EDIT AE/views/default/mensajes.html: -12
[2014-10-23 16:47:21] EDIT AE/controllers/default.py: 0
[2014-10-23 16:47:32] EDIT AE/views/default/mensajes.html: 12
[2014-10-23 17:09:39] EDIT AE/views/default/mensajes.html: 0
[2014-10-23 17:29:34] EDIT AE/views/default/mensajes.html: 6
[2014-10-23 17:38:13] EDIT AE/views/default/mensajes.html: 0
[2014-10-23 17:38:33] EDIT AE/views/default/mensajes.html: 0
[2014-10-23 17:39:05] EDIT AE/views/default/mensajes.html: 0
[2014-10-23 20:33:25] EDIT AE/views/default/mensajes.html: 0
[2014-10-23 20:34:04] EDIT AE/views/default/mensajes.html: 0
[2014-10-23 20:35:27] EDIT AE/views/default/mensajes.html: 0
[2014-10-23 20:41:52] EDIT AE/views/default/mensajes.html: 0
[2014-10-23 20:43:09] EDIT AE/views/default/mensajes.html: 0
[2014-10-23 20:45:21] EDIT AE/views/default/mensajes.html: 0
[2014-10-23 19:38:48] EDIT AE/controllers/default.py: 2
[2014-10-23 19:40:06] EDIT AE/views/default/comunicados.html: 0
[2014-10-23 19:41:19] EDIT AE/views/default/comunicados.html: 0
[2014-10-23 19:41:48] EDIT AE/views/default/comunicados.html: 0
[2014-10-23 19:42:32] EDIT AE/views/default/comunicados.html: 0
[2014-10-23 19:52:10] EDIT AE/views/default/comunicados.html: 0
[2014-10-23 19:57:28] EDIT AE/views/default/comunicados.html: 0
[2014-10-23 20:01:10] EDIT AE/views/default/comunicados.html: 3
[2014-10-25 20:07:34] EDIT AE/controllers/default.py: 0
[2014-10-25 20:14:48] EDIT AE/controllers/default.py: 0
[2014-10-25 20:52:27] EDIT AE/views/layout.html: -1
[2014-10-25 20:55:45] EDIT AE/static/js/share.js: 0
[2014-10-25 21:08:28] EDIT AE/models/db_ae.py: 0
[2014-10-25 21:09:18] EDIT AE/models/db_ae.py: 0
[2014-10-25 21:10:33] EDIT AE/models/db_ae.py: -2
[2014-10-25 21:48:29] EDIT AE/models/db_ae.py: 1
[2014-10-25 21:50:26] EDIT AE/models/db_ae.py: 1
[2014-10-25 21:51:08] EDIT AE/models/db_ae.py: 0
[2014-10-25 21:58:25] EDIT AE/controllers/default.py: 5
[2014-10-25 22:00:55] CREATE default/asignaciones.html: 0
[2014-10-25 22:01:24] EDIT AE/views/default/asignaciones.html: 0
[2014-10-25 22:01:59] EDIT AE/views/default/asignaciones.html: 0
[2014-10-25 22:03:42] EDIT AE/views/default/job.html: 1
[2014-10-25 22:05:02] EDIT AE/controllers/default.py: 1
[2014-10-25 22:05:41] EDIT AE/controllers/default.py: 0
[2014-10-25 22:06:35] EDIT AE/views/default/job.html: 0
[2014-10-25 22:07:19] EDIT AE/views/default/job.html: 0
[2014-10-25 22:11:46] EDIT AE/models/db_ae.py: 0
[2014-10-25 22:12:16] EDIT AE/models/db_ae.py: 0
[2014-10-25 22:24:47] EDIT AE/views/default/mensajes.html: 1
[2014-10-25 22:27:09] EDIT AE/controllers/default.py: 0
[2014-10-25 22:28:56] EDIT AE/controllers/default.py: 0
[2014-10-25 22:29:20] EDIT AE/controllers/default.py: 0
[2014-10-25 22:30:20] EDIT AE/controllers/default.py: 0
[2014-10-25 22:31:02] EDIT AE/controllers/default.py: 1
[2014-10-25 23:05:26] EDIT AE/controllers/default.py: 1
[2014-10-25 23:14:17] EDIT AE/controllers/default.py: 0
[2014-10-25 23:15:40] EDIT AE/controllers/default.py: 0
[2014-10-25 23:16:25] EDIT AE/controllers/default.py: 0
[2014-10-25 23:16:31] EDIT AE/controllers/default.py: 0
[2014-10-25 23:17:33] EDIT AE/controllers/default.py: 0
[2014-10-25 23:18:03] EDIT AE/controllers/default.py: 0
[2014-10-25 23:18:39] EDIT AE/models/db_ae.py: 0
[2014-10-25 23:20:47] EDIT AE/controllers/default.py: 0
[2014-10-25 23:33:50] EDIT AE/controllers/default.py: 5
[2014-10-26 00:20:35] EDIT AE/models/db_ae.py: 9
[2014-10-26 00:20:49] EDIT AE/models/db_ae.py: 0
[2014-10-26 00:22:54] EDIT AE/views/default/mensajes.html: 0
[2014-10-26 00:41:46] EDIT AE/models/db_ae.py: 2
[2014-10-26 00:43:29] EDIT AE/models/db_ae.py: 0
[2014-10-26 00:46:26] EDIT AE/models/db_ae.py: 0
[2014-10-26 01:10:24] EDIT AE/controllers/default.py: 0
[2014-10-26 04:56:08] EDIT AE/models/db_ae.py: 5
[2014-10-26 05:22:09] EDIT AE/models/db_ae.py: 0
[2014-10-26 05:34:20] EDIT AE/views/default/job.html: 0
[2014-10-26 05:36:02] EDIT AE/controllers/default.py: 2
[2014-10-26 05:36:09] EDIT AE/controllers/default.py: 0
[2014-10-26 05:37:46] EDIT AE/controllers/default.py: -7
[2014-10-26 07:01:10] EDIT AE/controllers/default.py: 0
[2014-10-26 07:01:33] EDIT AE/controllers/default.py: 0
[2014-10-26 07:02:19] EDIT AE/views/default/comunicados.html: 0
[2014-10-26 07:32:03] EDIT AE/controllers/default.py: 1
[2014-10-26 07:40:31] EDIT AE/controllers/default.py: 0
[2014-10-26 07:41:09] EDIT AE/controllers/default.py: 0
[2014-10-26 07:41:52] EDIT AE/controllers/default.py: 0
[2014-10-26 07:46:54] EDIT AE/controllers/default.py: 0
[2014-10-26 07:47:33] EDIT AE/controllers/default.py: 0
[2014-10-26 07:48:01] EDIT AE/controllers/default.py: 0
[2014-10-26 07:48:32] EDIT AE/controllers/default.py: 0
[2014-10-26 07:49:07] EDIT AE/controllers/default.py: 0
[2014-10-26 07:51:07] EDIT AE/controllers/default.py: 0
[2014-10-26 07:51:19] EDIT AE/controllers/default.py: 0
[2014-10-26 07:55:15] EDIT AE/controllers/default.py: 0
[2014-10-26 07:55:57] EDIT AE/controllers/default.py: 1
[2014-10-26 08:08:46] EDIT AE/controllers/default.py: -9
[2014-10-26 08:11:01] EDIT AE/controllers/default.py: -1
[2014-10-26 08:11:09] EDIT AE/controllers/default.py: -4
[2014-10-26 08:11:58] EDIT AE/controllers/default.py: 4
[2014-10-26 08:12:40] EDIT AE/controllers/default.py: 0
[2014-10-26 08:16:20] EDIT AE/controllers/default.py: 1
[2014-10-26 08:16:36] EDIT AE/controllers/default.py: 0
[2014-10-26 08:18:59] EDIT AE/controllers/default.py: 0
[2014-10-26 08:19:32] EDIT AE/controllers/default.py: 0
[2014-10-26 08:19:50] EDIT AE/controllers/default.py: 0
[2014-10-26 08:20:23] EDIT AE/controllers/default.py: 0
[2014-10-26 08:47:00] EDIT AE/controllers/default.py: 2
[2014-10-26 08:47:39] EDIT AE/controllers/default.py: 0
[2014-10-26 08:48:02] EDIT AE/controllers/default.py: 0
[2014-10-26 08:49:07] EDIT AE/controllers/default.py: 1
[2014-10-26 08:49:55] EDIT AE/controllers/default.py: -1
[2014-10-26 09:05:21] EDIT AE/controllers/default.py: -1
[2014-10-26 09:06:19] EDIT AE/controllers/default.py: 0
[2014-10-26 09:07:11] EDIT AE/views/default/comunicados.html: 0
[2014-10-26 09:08:30] EDIT AE/views/default/comunicados.html: 0
[2014-10-26 09:10:23] EDIT AE/controllers/default.py: 0
[2014-10-26 09:10:29] EDIT AE/controllers/default.py: 0
[2014-10-26 09:11:04] EDIT AE/controllers/default.py: 0
[2014-10-26 09:19:42] EDIT AE/controllers/default.py: -1
[2014-10-26 09:20:24] EDIT AE/controllers/default.py: 0
[2014-10-26 09:21:07] EDIT AE/controllers/default.py: 0
[2014-10-26 09:21:22] EDIT AE/controllers/default.py: 0
[2014-10-26 09:22:29] EDIT AE/controllers/default.py: 0
[2014-10-26 09:22:44] EDIT AE/controllers/default.py: 0
[2014-10-26 09:24:45] EDIT AE/controllers/default.py: 0
[2014-10-26 09:26:08] EDIT AE/controllers/default.py: 0
[2014-10-26 09:27:01] EDIT AE/controllers/default.py: 0
[2014-10-26 09:27:39] EDIT AE/controllers/default.py: 0
[2014-10-26 09:28:12] EDIT AE/controllers/default.py: 0
[2014-10-26 09:29:16] EDIT AE/controllers/default.py: 0
[2014-10-26 09:29:29] EDIT AE/controllers/default.py: 0
[2014-10-26 11:30:55] EDIT AE/controllers/default.py: 14
[2014-10-26 11:32:02] EDIT AE/controllers/default.py: 1
[2014-10-26 11:48:45] EDIT AE/controllers/default.py: 0
[2014-10-26 11:52:53] EDIT AE/controllers/default.py: 1
[2014-10-26 11:53:36] EDIT AE/models/db_ae.py: 1
[2014-10-26 11:56:08] EDIT AE/controllers/default.py: 2
[2014-10-26 12:05:54] EDIT AE/controllers/default.py: 9
[2014-10-26 12:06:21] CREATE default/asignar.html: 0
[2014-10-26 12:12:43] EDIT AE/views/default/asignar.html: 5
[2014-10-26 12:15:33] EDIT AE/controllers/default.py: 2
[2014-10-26 12:20:09] EDIT AE/views/default/comunicados.html: 0
[2014-10-26 12:20:38] EDIT AE/views/default/comunicados.html: 0
[2014-10-26 12:22:06] EDIT AE/views/default/comunicados.html: 0
[2014-10-26 12:24:45] EDIT AE/controllers/default.py: 1
[2014-10-26 12:28:23] EDIT AE/controllers/default.py: 0
[2014-10-26 12:28:48] EDIT AE/views/default/asignar.html: 1
[2014-10-26 12:29:24] EDIT AE/controllers/default.py: 0
[2014-10-26 12:30:15] EDIT AE/controllers/default.py: 1
[2014-10-26 12:34:25] EDIT AE/controllers/default.py: -2
[2014-10-26 12:34:40] EDIT AE/controllers/default.py: -1
[2014-10-26 12:35:11] EDIT AE/controllers/default.py: 0
[2014-10-26 12:36:21] EDIT AE/controllers/default.py: 0
[2014-10-26 12:36:31] EDIT AE/controllers/default.py: 0
[2014-10-26 12:37:07] EDIT AE/controllers/default.py: 1
[2014-10-26 12:52:43] EDIT AE/controllers/default.py: 3
[2014-10-26 12:54:44] EDIT AE/controllers/default.py: 2
[2014-10-26 13:04:01] EDIT AE/controllers/default.py: 0
[2014-10-26 13:05:12] EDIT AE/controllers/default.py: 0
[2014-10-26 13:05:51] EDIT AE/controllers/default.py: 0
[2014-10-26 13:08:13] EDIT AE/controllers/default.py: -2
[2014-10-26 13:09:17] EDIT AE/controllers/default.py: 0
[2014-10-26 13:18:25] EDIT AE/controllers/default.py: -2
[2014-10-26 13:18:38] EDIT AE/views/default/asignar.html: 0
[2014-10-26 13:23:53] EDIT AE/controllers/default.py: -3
[2014-10-26 13:24:59] EDIT AE/models/db_ae.py: 1
[2014-10-26 13:26:06] EDIT AE/controllers/default.py: 0
[2014-10-26 13:27:46] EDIT AE/views/default/comunicados.html: 0
[2014-10-26 13:31:11] EDIT AE/controllers/default.py: -10
[2014-10-26 13:31:12] EDIT AE/controllers/default.py: 0
[2014-10-26 13:31:54] EDIT AE/controllers/default.py: 1
[2014-10-26 13:32:52] EDIT AE/controllers/default.py: 0
[2014-10-26 13:39:31] EDIT AE/views/default/asignar.html: 0
[2014-10-26 13:40:16] EDIT AE/views/default/asignar.html: 0
[2014-10-27 20:37:34] EDIT AE/controllers/default.py: 7
[2014-10-27 20:52:50] EDIT AE/controllers/default.py: 0
[2014-10-27 20:56:05] EDIT AE/views/default/asignar.html: 0
[2014-10-27 20:58:52] EDIT AE/controllers/default.py: 0
[2014-10-27 21:05:58] EDIT AE/controllers/default.py: 0
[2014-10-27 21:06:15] EDIT AE/controllers/default.py: 0
[2014-10-27 21:09:38] EDIT AE/controllers/default.py: 0
[2014-10-27 21:10:15] EDIT AE/views/default/asignar.html: 0
[2014-10-27 21:10:29] EDIT AE/views/default/asignar.html: 0
[2014-10-27 21:11:42] EDIT AE/views/default/asignar.html: 0
[2014-10-27 21:12:36] EDIT AE/views/default/comunicados.html: 0
[2014-10-27 21:13:02] EDIT AE/views/default/comunicados.html: 0
[2014-10-27 21:14:44] EDIT AE/controllers/default.py: 0
[2014-10-27 21:15:51] EDIT AE/controllers/default.py: 0
[2014-10-27 21:16:21] EDIT AE/views/default/asignar.html: 0
[2014-10-27 21:25:53] EDIT AE/controllers/default.py: 0
[2014-10-27 21:26:34] EDIT AE/controllers/default.py: 0
[2014-10-27 21:27:19] EDIT AE/controllers/default.py: 0
[2014-10-27 21:28:52] EDIT AE/controllers/default.py: 2
[2014-10-27 21:29:16] EDIT AE/controllers/default.py: 0
[2014-10-27 21:30:07] EDIT AE/controllers/default.py: 2
[2014-10-27 21:31:14] EDIT AE/views/default/asignar.html: 1
[2014-10-27 21:34:10] EDIT AE/controllers/default.py: 2
[2014-10-27 21:35:17] EDIT AE/views/default/asignar.html: 0
[2014-10-27 21:35:35] EDIT AE/views/default/asignar.html: 0
[2014-10-27 21:36:15] EDIT AE/controllers/default.py: 0
[2014-10-29 23:21:14] EDIT AE/controllers/default.py: 11
[2014-10-29 23:21:55] EDIT AE/controllers/default.py: 0
[2014-10-29 23:22:09] EDIT AE/controllers/default.py: 0
[2014-10-29 23:22:21] EDIT AE/controllers/default.py: 0
[2014-10-29 23:22:49] EDIT AE/views/default/asignar.html: 1
[2014-10-29 23:22:54] EDIT AE/controllers/default.py: 0
[2014-10-29 23:24:43] EDIT AE/controllers/default.py: 0
[2014-10-29 23:25:39] EDIT AE/controllers/default.py: 0
[2014-10-29 23:27:52] EDIT AE/controllers/default.py: 0
[2014-10-29 23:32:26] EDIT AE/controllers/default.py: 2
[2014-10-29 23:34:26] EDIT AE/controllers/default.py: 0
[2014-10-29 23:35:27] EDIT AE/controllers/default.py: 0
[2014-10-30 22:50:31] EDIT AE/views/default/asignar.html: 0
[2014-10-30 22:53:52] EDIT AE/controllers/default.py: 1
[2014-10-30 22:54:48] EDIT AE/controllers/default.py: 0
[2014-10-30 22:58:00] EDIT AE/controllers/default.py: 0
[2014-10-30 22:59:57] EDIT AE/views/default/asignar.html: -2
[2014-10-30 23:04:00] EDIT AE/views/default/asignar.html: 4
[2014-10-30 23:05:25] EDIT AE/controllers/default.py: 0
[2014-10-30 23:06:39] EDIT AE/controllers/default.py: 0
[2014-10-30 23:07:32] EDIT AE/controllers/default.py: 0
[2014-10-30 23:08:07] EDIT AE/controllers/default.py: 0
[2014-10-30 23:08:26] EDIT AE/controllers/default.py: 0
[2014-10-30 23:08:45] EDIT AE/controllers/default.py: 0
[2014-10-30 23:09:24] EDIT AE/controllers/default.py: 0
[2014-10-30 23:13:13] EDIT AE/views/default/asignar.html: 0
[2014-10-30 23:14:27] EDIT AE/views/default/asignar.html: 0
[2014-10-30 23:16:03] EDIT AE/views/default/asignar.html: 2
[2014-10-30 23:30:03] EDIT AE/controllers/default.py: 0
[2014-10-30 23:30:30] EDIT AE/controllers/default.py: 0
[2014-10-30 23:30:38] EDIT AE/controllers/default.py: 0
[2014-10-30 23:30:41] EDIT AE/controllers/default.py: 0
[2014-10-30 23:31:50] EDIT AE/controllers/default.py: 0
[2014-10-30 23:32:16] EDIT AE/controllers/default.py: 0
[2014-10-30 23:35:35] EDIT AE/controllers/default.py: 0
[2014-10-31 22:38:50] EDIT AE/controllers/default.py: 2
[2014-10-31 22:40:18] EDIT AE/controllers/default.py: 0
[2014-10-31 22:42:45] EDIT AE/controllers/default.py: 0
[2014-10-31 22:44:20] EDIT AE/controllers/default.py: 1
[2014-10-31 22:44:56] EDIT AE/controllers/default.py: 0
[2014-10-31 22:48:52] EDIT AE/views/default/asignar.html: 4
[2014-10-31 22:57:31] EDIT AE/controllers/default.py: 1
[2014-10-31 23:15:02] EDIT AE/controllers/default.py: 4
[2014-10-31 23:17:15] EDIT AE/controllers/default.py: 0
[2014-10-31 23:18:35] EDIT AE/controllers/default.py: 0
[2014-10-31 23:20:42] EDIT AE/controllers/default.py: 0
[2014-11-02 11:48:50] EDIT AE/controllers/default.py: 0
[2014-11-02 11:50:17] EDIT AE/controllers/default.py: 0
[2014-11-02 11:50:40] EDIT AE/controllers/default.py: 0
[2014-11-02 11:51:55] EDIT AE/models/db_ae.py: 0
[2014-11-02 12:06:58] EDIT AE/models/db_ae.py: 0
[2014-11-02 12:37:28] EDIT AE/controllers/default.py: 0
[2014-11-02 12:47:58] EDIT AE/controllers/default.py: 0
[2014-11-02 13:02:03] EDIT AE/controllers/default.py: 1
[2014-11-02 13:15:16] EDIT AE/controllers/default.py: 1
[2014-11-02 13:24:20] EDIT AE/models/db_ae.py: 0
[2014-11-02 13:24:36] EDIT AE/models/db_ae.py: 0
[2014-11-02 14:16:30] EDIT AE/controllers/default.py: 6
[2014-11-02 14:36:10] EDIT AE/controllers/default.py: 1
[2014-11-02 14:37:01] EDIT AE/controllers/default.py: 0
[2014-11-02 14:37:14] EDIT AE/controllers/default.py: 0
[2014-11-02 14:38:09] EDIT AE/controllers/default.py: 0
[2014-11-02 14:38:49] EDIT AE/controllers/default.py: 0
[2014-11-02 14:41:36] EDIT AE/controllers/default.py: 0
[2014-11-27 12:39:21] EDIT AE2/models/db_ae.py: 1
[2014-11-27 13:31:00] CREATE scheduler.py: 0
[2014-11-27 13:39:24] EDIT AE2/controllers/default.py: -1
[2014-11-27 13:41:35] EDIT AE2/models/scheduler.py: 4
[2014-11-27 15:42:48] EDIT AE2/controllers/default.py: 0
[2014-11-27 15:44:58] EDIT AE2/controllers/default.py: 1
[2014-11-27 15:45:48] EDIT AE2/controllers/default.py: 0
[2014-11-27 15:46:27] EDIT AE2/controllers/default.py: 0
[2014-11-27 15:47:42] EDIT AE2/controllers/default.py: 0
[2014-11-27 15:47:42] EDIT AE2/controllers/default.py: 0
[2014-11-27 15:48:05] EDIT AE2/models/scheduler.py: 0
[2014-11-27 16:04:59] EDIT AE2/controllers/default.py: 0
[2014-11-27 16:06:20] EDIT AE2/controllers/default.py: 0
[2014-11-27 16:06:39] EDIT AE2/controllers/default.py: 0
[2014-11-27 16:11:43] EDIT AE2/controllers/default.py: 0
[2014-11-27 16:12:08] EDIT AE2/controllers/default.py: 0
[2014-11-27 16:12:53] EDIT AE2/controllers/default.py: 0
[2014-11-27 16:13:44] EDIT AE2/controllers/default.py: 0
[2014-11-27 16:17:40] EDIT AE2/controllers/default.py: 0
[2014-11-27 16:35:26] EDIT AE2/controllers/default.py: 1
[2014-11-27 16:36:02] EDIT AE2/models/scheduler.py: 0
[2014-11-27 16:36:20] EDIT AE2/models/scheduler.py: 0
[2014-11-27 16:47:49] EDIT AE2/controllers/default.py: 0
[2014-11-27 16:50:45] EDIT AE2/controllers/default.py: 0
[2014-11-27 17:02:58] EDIT AE2/controllers/default.py: 0
[2014-11-27 17:04:49] EDIT AE2/controllers/default.py: 0
[2014-11-27 17:07:56] EDIT AE2/controllers/default.py: 1
[2014-11-27 17:24:06] EDIT AE2/controllers/default.py: 0
[2014-11-27 17:25:28] EDIT AE2/controllers/default.py: 1
[2014-11-27 17:26:06] EDIT AE2/controllers/default.py: 0
[2014-11-27 17:27:25] EDIT AE2/controllers/default.py: -1
[2014-11-27 17:29:11] EDIT AE2/models/scheduler.py: 3
[2014-11-27 17:29:24] EDIT AE2/controllers/default.py: 0
[2014-11-27 17:30:18] EDIT AE2/models/scheduler.py: 0
[2014-11-27 17:32:46] EDIT AE2/models/scheduler.py: -1
[2014-11-27 17:33:34] EDIT AE2/controllers/default.py: 0
[2014-11-27 17:40:18] EDIT AE2/controllers/default.py: -1
[2014-11-27 17:46:14] EDIT AE2/models/db_ae.py: 1
[2014-11-27 17:48:58] EDIT AE2/models/db_ae.py: 0
[2014-11-27 17:49:09] EDIT AE2/models/db_ae.py: 0
[2014-11-27 17:56:46] EDIT AE2/controllers/default.py: 1
[2014-11-27 17:58:33] EDIT AE2/controllers/default.py: 0
[2014-11-27 18:03:14] EDIT AE2/controllers/default.py: 2
[2014-11-27 18:03:28] EDIT AE2/controllers/default.py: 0
[2014-11-27 18:04:50] EDIT AE2/controllers/default.py: 0
[2014-11-27 18:09:00] EDIT AE2/controllers/default.py: 0
[2014-11-27 18:09:07] EDIT AE2/controllers/default.py: 0
[2014-11-27 18:13:05] EDIT AE2/controllers/default.py: 0
[2014-11-27 18:15:38] EDIT AE2/controllers/default.py: 1
[2014-11-27 18:16:34] EDIT AE2/views/default/job.html: 3
[2014-11-27 18:17:04] EDIT AE2/controllers/default.py: 0
[2014-11-27 18:17:46] EDIT AE2/controllers/default.py: 0
[2014-11-27 18:20:46] EDIT AE2/controllers/default.py: 0
[2014-11-27 18:25:50] EDIT AE2/controllers/default.py: 0
[2014-11-27 18:26:08] EDIT AE2/controllers/default.py: 0
[2014-11-27 18:27:47] EDIT AE2/models/db_ae.py: 0
[2014-11-27 18:37:03] EDIT AE2/controllers/default.py: 0
[2014-11-27 18:39:46] EDIT AE2/controllers/default.py: 0
[2014-11-27 18:40:03] EDIT AE2/controllers/default.py: 0
[2014-11-27 18:41:58] EDIT AE2/controllers/default.py: 0
[2014-11-27 18:42:04] EDIT AE2/controllers/default.py: 0
[2014-11-27 18:50:18] EDIT AE2/models/scheduler.py: 1
[2014-11-27 18:51:07] EDIT AE2/controllers/default.py: 0
[2014-11-27 22:32:30] EDIT AE2/controllers/default.py: 0
[2014-11-27 22:36:57] EDIT AE2/models/scheduler.py: 1
[2014-11-27 22:39:23] EDIT AE2/models/scheduler.py: 0
[2014-11-27 22:50:36] EDIT AE2/controllers/default.py: 1
[2014-11-27 22:51:29] EDIT AE2/controllers/default.py: 0
[2014-11-27 22:52:56] EDIT AE2/views/default/job.html: 1
[2014-11-27 22:55:06] EDIT AE2/models/scheduler.py: 0
[2014-11-27 22:55:42] EDIT AE2/views/default/job.html: -1
[2014-11-27 23:04:35] EDIT AE2/models/scheduler.py: 0
[2014-11-27 23:05:31] EDIT AE2/models/scheduler.py: 0
[2014-11-27 23:08:40] EDIT AE2/controllers/default.py: 0
[2014-11-27 23:09:30] EDIT AE2/models/scheduler.py: 1
[2014-11-27 23:10:14] EDIT AE2/models/scheduler.py: 0
[2014-11-27 23:10:45] EDIT AE2/controllers/default.py: 0
[2014-11-27 23:13:26] EDIT AE2/controllers/default.py: -1
[2014-11-27 23:13:28] EDIT AE2/controllers/default.py: 0
[2014-11-27 23:13:30] EDIT AE2/models/scheduler.py: 0
[2014-11-28 02:51:44] EDIT AE2/models/scheduler.py: -1
[2014-11-28 03:00:47] EDIT AE2/models/scheduler.py: 0
[2014-11-28 03:03:40] EDIT AE2/models/scheduler.py: 1
[2014-11-28 03:06:30] EDIT AE2/models/scheduler.py: -1
[2014-11-28 03:11:05] EDIT AE2/models/scheduler.py: -1
[2014-11-28 03:13:03] EDIT AE2/models/scheduler.py: 0
[2014-11-28 03:13:52] EDIT AE2/controllers/default.py: 0
[2014-11-28 03:14:04] EDIT AE2/controllers/default.py: 0
[2014-11-28 03:15:47] EDIT AE2/controllers/default.py: 0
[2014-11-28 03:15:54] EDIT AE2/controllers/default.py: 0
[2014-11-28 03:22:23] EDIT AE2/models/scheduler.py: 1
[2014-11-28 03:42:07] EDIT AE2/models/db.py: 1
[2014-11-28 04:12:06] EDIT AE2/controllers/default.py: 0
[2014-11-28 04:13:57] EDIT AE2/controllers/default.py: 0
[2014-11-28 04:16:08] EDIT AE2/controllers/default.py: -14
[2014-11-28 04:17:25] EDIT AE2/models/scheduler.py: 14
[2014-11-28 04:18:12] EDIT AE2/models/scheduler.py: 2
[2014-11-28 04:29:17] EDIT AE2/models/scheduler.py: 1
[2014-11-28 04:42:31] EDIT AE2/models/scheduler.py: 0
[2014-11-28 08:53:50] EDIT AE2/models/db.py: 0
[2014-11-29 14:19:16] EDIT AE2/models/db.py: 0
[2014-11-29 14:32:20] EDIT AE2/models/db_ae.py: 2
[2014-11-29 14:33:25] EDIT AE2/models/db_ae.py: 0
[2014-12-01 11:06:42] EDIT AE2/models/menu.py: -104
[2014-12-01 11:10:44] EDIT AE2/views/default/jobs.html: 2
[2014-12-01 11:13:53] EDIT AE2/views/default/jobs.html: 0
[2014-12-01 11:21:01] EDIT AE2/views/default/jobs.html: 0
[2014-12-01 11:21:49] EDIT AE2/views/default/jobs.html: 0
[2014-12-01 12:30:34] CREATE default/jobs.pdf: 0
[2014-12-01 12:35:54] CREATE default/job.pdf: 0
[2014-12-01 12:40:45] EDIT AE2/views/default/job.html: 1
[2014-12-01 12:40:49] EDIT AE2/views/default/job.html: 0
[2014-12-01 12:41:49] EDIT AE2/views/default/job.html: 2
[2014-12-01 12:43:01] EDIT AE2/views/default/job.html: 0
[2014-12-01 12:44:01] EDIT AE2/views/default/job.html: -3
[2014-12-16 09:14:27] EDIT AE2/controllers/default.py: 1
[2015-10-18 19:11:01] EDIT AE2/models/menu.py: 0
