timestamp: 2015-08-02T23:25:14.707104
CREATE TABLE auth_user(
    id INT AUTO_INCREMENT NOT NULL,
    first_name VARCHAR(128),
    last_name VARCHAR(128),
    email VARCHAR(512),
    password VARCHAR(512),
    registration_key VARCHAR(512),
    reset_password_key VARCHAR(512),
    registration_id VARCHAR(512),
    PRIMARY KEY (id)
) ENGINE=InnoDB CHARACTER SET utf8;
success!
timestamp: 2015-08-02T23:25:14.730173
CREATE TABLE auth_group(
    id INT AUTO_INCREMENT NOT NULL,
    role VARCHAR(512),
    description LONGTEXT,
    PRIMARY KEY (id)
) ENGINE=InnoDB CHARACTER SET utf8;
success!
timestamp: 2015-08-02T23:25:14.737314
CREATE TABLE auth_membership(
    id INT AUTO_INCREMENT NOT NULL,
    user_id INT, INDEX user_id__idx (user_id), FOREIGN KEY (user_id) REFERENCES auth_user (id) ON DELETE CASCADE,
    group_id INT, INDEX group_id__idx (group_id), FOREIGN KEY (group_id) REFERENCES auth_group (id) ON DELETE CASCADE,
    PRIMARY KEY (id)
) ENGINE=InnoDB CHARACTER SET utf8;
success!
timestamp: 2015-08-02T23:25:14.746715
CREATE TABLE auth_permission(
    id INT AUTO_INCREMENT NOT NULL,
    group_id INT, INDEX group_id__idx (group_id), FOREIGN KEY (group_id) REFERENCES auth_group (id) ON DELETE CASCADE,
    name VARCHAR(512),
    table_name VARCHAR(512),
    record_id INT,
    PRIMARY KEY (id)
) ENGINE=InnoDB CHARACTER SET utf8;
success!
timestamp: 2015-08-02T23:25:14.756069
CREATE TABLE auth_event(
    id INT AUTO_INCREMENT NOT NULL,
    time_stamp DATETIME,
    client_ip VARCHAR(512),
    user_id INT, INDEX user_id__idx (user_id), FOREIGN KEY (user_id) REFERENCES auth_user (id) ON DELETE CASCADE,
    origin VARCHAR(512),
    description LONGTEXT,
    PRIMARY KEY (id)
) ENGINE=InnoDB CHARACTER SET utf8;
success!
timestamp: 2015-08-02T23:25:14.765972
CREATE TABLE auth_cas(
    id INT AUTO_INCREMENT NOT NULL,
    user_id INT, INDEX user_id__idx (user_id), FOREIGN KEY (user_id) REFERENCES auth_user (id) ON DELETE CASCADE,
    created_on DATETIME,
    service VARCHAR(512),
    ticket VARCHAR(512),
    renew CHAR(1),
    PRIMARY KEY (id)
) ENGINE=InnoDB CHARACTER SET utf8;
success!
timestamp: 2015-08-02T23:25:14.777252
CREATE TABLE tiposesion(
    id INT AUTO_INCREMENT NOT NULL,
    descripcion VARCHAR(100),
    expresiones LONGTEXT,
    comentario LONGTEXT,
    is_active CHAR(1),
    created_on DATETIME,
    created_by INT, INDEX created_by__idx (created_by), FOREIGN KEY (created_by) REFERENCES auth_user (id) ON DELETE CASCADE,
    modified_on DATETIME,
    modified_by INT, INDEX modified_by__idx (modified_by), FOREIGN KEY (modified_by) REFERENCES auth_user (id) ON DELETE CASCADE,
    PRIMARY KEY (id)
) ENGINE=InnoDB CHARACTER SET utf8;
success!
timestamp: 2015-08-02T23:25:14.790064
CREATE TABLE sesion(
    id INT AUTO_INCREMENT NOT NULL,
    tiposesion INT, INDEX tiposesion__idx (tiposesion), FOREIGN KEY (tiposesion) REFERENCES tiposesion (id) ON DELETE CASCADE,
    descripcion VARCHAR(100),
    comentario LONGTEXT,
    estado VARCHAR(512),
    is_active CHAR(1),
    created_on DATETIME,
    created_by INT, INDEX created_by__idx (created_by), FOREIGN KEY (created_by) REFERENCES auth_user (id) ON DELETE CASCADE,
    modified_on DATETIME,
    modified_by INT, INDEX modified_by__idx (modified_by), FOREIGN KEY (modified_by) REFERENCES auth_user (id) ON DELETE CASCADE,
    PRIMARY KEY (id)
) ENGINE=InnoDB CHARACTER SET utf8;
success!
timestamp: 2015-08-02T23:25:14.818540
CREATE TABLE barcode(
    id INT AUTO_INCREMENT NOT NULL,
    codigo VARCHAR(100) NOT NULL UNIQUE,
    sesion INT, INDEX sesion__idx (sesion), FOREIGN KEY (sesion) REFERENCES sesion (id) ON DELETE CASCADE,
    is_active CHAR(1),
    created_on DATETIME,
    created_by INT, INDEX created_by__idx (created_by), FOREIGN KEY (created_by) REFERENCES auth_user (id) ON DELETE CASCADE,
    modified_on DATETIME,
    modified_by INT, INDEX modified_by__idx (modified_by), FOREIGN KEY (modified_by) REFERENCES auth_user (id) ON DELETE CASCADE,
    PRIMARY KEY (id)
) ENGINE=InnoDB CHARACTER SET utf8;
success!
timestamp: 2015-08-03T16:26:36.590673
ALTER TABLE tiposesion ADD expresion VARCHAR(512);
success!
timestamp: 2015-08-03T16:26:36.629732
ALTER TABLE tiposesion DROP COLUMN expresiones;
success!
timestamp: 2015-08-03T16:50:44.575866
ALTER TABLE tiposesion ADD expresion__tmp VARCHAR(512) NOT NULL DEFAULT 'PRI\sMI?\s\d{7}' UNIQUE;
timestamp: 2015-08-03T16:51:42.493945
ALTER TABLE tiposesion ADD expresion__tmp VARCHAR(512) NOT NULL DEFAULT 'PRI\sMI?\s\d{7}' UNIQUE;
timestamp: 2015-08-03T16:52:16.269451
ALTER TABLE tiposesion ADD expresion__tmp VARCHAR(255) NOT NULL DEFAULT 'PRI\sMI?\s\d{7}' UNIQUE;
timestamp: 2015-08-03T16:52:42.494454
ALTER TABLE tiposesion ADD expresion__tmp VARCHAR(255) NOT NULL DEFAULT 'PRI\sMI?\s\d{7}';
success!
UPDATE tiposesion SET expresion__tmp=expresion;
success!
ALTER TABLE tiposesion DROP COLUMN expresion;
success!
ALTER TABLE tiposesion ADD expresion VARCHAR(255) NOT NULL DEFAULT 'PRI\sMI?\s\d{7}';
success!
UPDATE tiposesion SET expresion=expresion__tmp;
success!
ALTER TABLE tiposesion DROP COLUMN expresion__tmp;
success!
timestamp: 2015-08-03T16:52:42.844169
ALTER TABLE tiposesion ADD descripcion__tmp VARCHAR(255) NOT NULL UNIQUE;
timestamp: 2015-08-03T16:52:44.590080
ALTER TABLE tiposesion ADD descripcion__tmp VARCHAR(255) NOT NULL UNIQUE;
timestamp: 2015-08-03T16:53:06.874645
ALTER TABLE tiposesion ADD descripcion__tmp VARCHAR(255) NOT NULL;
success!
UPDATE tiposesion SET descripcion__tmp=descripcion;
success!
ALTER TABLE tiposesion DROP COLUMN descripcion;
success!
ALTER TABLE tiposesion ADD descripcion VARCHAR(255) NOT NULL;
success!
UPDATE tiposesion SET descripcion=descripcion__tmp;
success!
ALTER TABLE tiposesion DROP COLUMN descripcion__tmp;
success!
success!
timestamp: 2015-08-03T16:53:07.134735
ALTER TABLE sesion ADD descripcion__tmp VARCHAR(100) NOT NULL;
success!
UPDATE sesion SET descripcion__tmp=descripcion;
success!
ALTER TABLE sesion DROP COLUMN descripcion;
success!
ALTER TABLE sesion ADD descripcion VARCHAR(100) NOT NULL;
success!
UPDATE sesion SET descripcion=descripcion__tmp;
success!
ALTER TABLE sesion DROP COLUMN descripcion__tmp;
success!
success!
