[2015-07-30 19:14:09] START
[2015-07-30 19:15:22] CREATE m_barcodes.py: 0
[2015-07-30 19:18:52] EDIT barcodes/models/m_barcodes.py: 4
[2015-07-30 19:20:40] EDIT barcodes/models/m_barcodes.py: 3
[2015-07-30 19:22:22] EDIT barcodes/models/m_barcodes.py: 4
[2015-07-30 19:36:57] EDIT barcodes/models/m_barcodes.py: 5
[2015-07-30 19:37:05] EDIT barcodes/models/m_barcodes.py: 0
[2015-07-30 19:37:45] EDIT barcodes/models/m_barcodes.py: 0
[2015-07-30 19:39:46] EDIT barcodes/models/m_barcodes.py: 0
[2015-07-30 19:40:11] EDIT barcodes/models/m_barcodes.py: 0
[2015-07-30 20:59:30] EDIT barcodes/models/m_barcodes.py: 3
[2015-07-30 21:05:51] EDIT barcodes/models/m_barcodes.py: 5
[2015-07-30 21:06:05] EDIT barcodes/models/m_barcodes.py: 0
[2015-07-30 21:06:49] EDIT barcodes/models/m_barcodes.py: 0
[2015-07-30 21:12:00] EDIT barcodes/models/m_barcodes.py: 0
[2015-07-30 21:13:32] EDIT barcodes/models/m_barcodes.py: 0
[2015-07-30 21:44:17] EDIT barcodes/models/db.py: 1
[2015-07-30 22:44:18] EDIT barcodes/models/db.py: 0
[2015-07-30 22:44:29] EDIT barcodes/models/db.py: 0
[2015-07-30 22:51:08] EDIT barcodes/models/m_barcodes.py: 0
[2015-07-30 22:52:16] EDIT barcodes/models/m_barcodes.py: 0
[2015-07-30 23:01:55] EDIT barcodes/models/m_barcodes.py: 4
[2015-07-30 23:04:50] EDIT barcodes/controllers/default.py: -7
[2015-07-30 23:16:51] EDIT barcodes/controllers/default.py: 13
[2015-07-30 23:17:41] EDIT barcodes/controllers/default.py: 2
[2015-07-30 23:17:44] EDIT barcodes/controllers/default.py: 0
[2015-07-30 23:21:51] EDIT barcodes/controllers/default.py: 1
[2015-07-30 23:27:03] EDIT barcodes/controllers/default.py: 1
[2015-07-30 23:28:35] EDIT barcodes/models/db.py: 0
[2015-07-30 23:29:30] EDIT barcodes/models/db.py: -1
[2015-07-30 23:35:16] CREATE default/sesion.html: 0
[2015-07-30 23:35:43] CREATE default/scan.html: 0
[2015-07-30 23:38:31] EDIT barcodes/models/m_barcodes.py: 0
[2015-07-30 23:39:01] EDIT barcodes/models/m_barcodes.py: 0
[2015-07-30 23:39:42] EDIT barcodes/models/m_barcodes.py: 1
[2015-07-30 23:40:30] EDIT barcodes/models/m_barcodes.py: 0
[2015-07-30 23:41:04] EDIT barcodes/models/m_barcodes.py: 0
[2015-07-30 23:41:11] EDIT barcodes/models/m_barcodes.py: 0
[2015-07-30 23:44:01] EDIT barcodes/models/m_barcodes.py: 0
[2015-07-30 23:46:48] EDIT barcodes/models/m_barcodes.py: 0
[2015-07-30 23:47:12] EDIT barcodes/models/m_barcodes.py: 0
[2015-07-30 23:53:25] EDIT barcodes/models/m_barcodes.py: 0
[2015-07-30 23:54:12] EDIT barcodes/models/m_barcodes.py: 1
[2015-07-30 23:54:23] EDIT barcodes/models/m_barcodes.py: 0
[2015-07-30 23:54:26] EDIT barcodes/models/m_barcodes.py: 0
[2015-07-30 23:54:36] EDIT barcodes/models/m_barcodes.py: 0
[2015-07-30 23:54:49] EDIT barcodes/models/m_barcodes.py: 0
[2015-07-30 23:56:35] EDIT barcodes/models/m_barcodes.py: 0
[2015-07-31 00:00:17] EDIT barcodes/models/m_barcodes.py: 0
[2015-07-31 00:00:37] EDIT barcodes/models/m_barcodes.py: 0
[2015-07-31 11:07:36] EDIT barcodes/controllers/default.py: 11
[2015-07-31 11:07:51] EDIT barcodes/controllers/default.py: 0
[2015-07-31 11:24:53] EDIT barcodes/models/m_barcodes.py: 4
[2015-07-31 11:25:06] EDIT barcodes/models/m_barcodes.py: 0
[2015-07-31 11:25:08] EDIT barcodes/models/m_barcodes.py: 0
[2015-07-31 11:25:12] EDIT barcodes/models/m_barcodes.py: 0
[2015-07-31 11:25:29] EDIT barcodes/models/m_barcodes.py: 0
[2015-07-31 11:28:35] EDIT barcodes/models/m_barcodes.py: 0
[2015-07-31 11:29:05] EDIT barcodes/models/m_barcodes.py: 0
[2015-07-31 11:29:09] EDIT barcodes/models/m_barcodes.py: 0
[2015-07-31 11:29:26] EDIT barcodes/models/m_barcodes.py: 0
[2015-07-31 11:29:32] EDIT barcodes/models/m_barcodes.py: 0
[2015-07-31 11:29:36] EDIT barcodes/models/m_barcodes.py: 0
[2015-07-31 11:29:46] EDIT barcodes/models/m_barcodes.py: 0
[2015-07-31 11:34:23] EDIT barcodes/models/m_barcodes.py: 1
[2015-07-31 11:36:17] EDIT barcodes/controllers/default.py: 4
[2015-07-31 11:37:42] EDIT barcodes/views/default/scan.html: 12
[2015-07-31 11:38:34] EDIT barcodes/controllers/default.py: 0
[2015-07-31 11:38:40] EDIT barcodes/controllers/default.py: 0
[2015-07-31 11:41:24] EDIT barcodes/controllers/default.py: 0
[2015-07-31 11:44:06] EDIT barcodes/controllers/default.py: 0
[2015-07-31 11:45:18] EDIT barcodes/controllers/default.py: 1
[2015-07-31 11:46:05] EDIT barcodes/controllers/default.py: 0
[2015-07-31 11:46:25] EDIT barcodes/controllers/default.py: 0
[2015-07-31 11:48:31] EDIT barcodes/controllers/default.py: 4
[2015-07-31 12:37:34] EDIT barcodes/models/m_barcodes.py: 3
[2015-07-31 12:37:37] EDIT barcodes/models/m_barcodes.py: 0
[2015-07-31 12:40:54] EDIT barcodes/views/default/scan.html: 1
[2015-07-31 12:45:47] EDIT barcodes/controllers/default.py: 1
[2015-07-31 12:46:28] EDIT barcodes/controllers/default.py: 0
[2015-07-31 12:47:58] EDIT barcodes/controllers/default.py: 0
[2015-07-31 12:48:12] EDIT barcodes/controllers/default.py: 0
[2015-07-31 12:48:51] EDIT barcodes/controllers/default.py: 0
[2015-07-31 12:49:20] EDIT barcodes/controllers/default.py: 0
[2015-07-31 12:49:34] EDIT barcodes/controllers/default.py: 0
[2015-07-31 12:50:16] EDIT barcodes/controllers/default.py: 0
[2015-07-31 12:50:24] EDIT barcodes/controllers/default.py: 0
[2015-07-31 12:50:29] EDIT barcodes/controllers/default.py: 0
[2015-07-31 12:51:16] EDIT barcodes/controllers/default.py: 0
[2015-07-31 12:51:47] EDIT barcodes/controllers/default.py: 0
[2015-07-31 12:53:44] EDIT barcodes/controllers/default.py: 0
[2015-07-31 12:54:36] EDIT barcodes/models/m_barcodes.py: 0
[2015-07-31 12:56:25] EDIT barcodes/controllers/default.py: 0
[2015-07-31 13:00:03] EDIT barcodes/models/m_barcodes.py: 0
[2015-07-31 13:00:30] EDIT barcodes/models/m_barcodes.py: 0
[2015-07-31 13:02:02] EDIT barcodes/models/m_barcodes.py: 0
[2015-07-31 13:03:01] EDIT barcodes/models/m_barcodes.py: 0
[2015-07-31 13:07:26] EDIT barcodes/controllers/default.py: 0
[2015-07-31 13:08:56] EDIT barcodes/models/m_barcodes.py: 0
[2015-07-31 13:10:39] EDIT barcodes/views/default/scan.html: 1
[2015-07-31 13:11:17] EDIT barcodes/models/m_barcodes.py: 0
[2015-07-31 13:11:32] EDIT barcodes/models/m_barcodes.py: 0
[2015-07-31 13:11:37] EDIT barcodes/models/m_barcodes.py: 0
[2015-07-31 13:33:06] EDIT barcodes/views/default/scan.html: -2
[2015-07-31 13:33:10] EDIT barcodes/views/default/scan.html: 0
[2015-07-31 13:34:01] EDIT barcodes/controllers/default.py: 1
[2015-07-31 13:34:26] EDIT barcodes/controllers/default.py: 0
[2015-07-31 13:35:13] EDIT barcodes/controllers/default.py: 0
[2015-07-31 14:06:00] EDIT barcodes/controllers/default.py: 25
[2015-07-31 14:07:15] EDIT barcodes/controllers/default.py: 1
[2015-07-31 14:07:21] EDIT barcodes/controllers/default.py: 0
[2015-07-31 14:08:12] EDIT barcodes/controllers/default.py: 0
[2015-07-31 14:08:49] CREATE default/setsession.html: 0
[2015-07-31 14:11:16] EDIT barcodes/controllers/default.py: -3
[2015-07-31 14:11:41] EDIT barcodes/controllers/default.py: 1
[2015-07-31 14:19:27] EDIT barcodes/views/default/setsession.html: 8
[2015-07-31 14:20:37] EDIT barcodes/controllers/default.py: 0
[2015-07-31 14:21:17] EDIT barcodes/controllers/default.py: 0
[2015-07-31 14:22:09] EDIT barcodes/controllers/default.py: 0
[2015-07-31 14:23:16] EDIT barcodes/views/default/setsession.html: 0
[2015-07-31 14:23:45] EDIT barcodes/views/default/setsession.html: 0
[2015-07-31 14:24:40] EDIT barcodes/views/default/setsession.html: 0
[2015-07-31 14:27:19] EDIT barcodes/views/default/setsession.html: 0
[2015-07-31 14:29:44] EDIT barcodes/views/default/setsession.html: 0
[2015-07-31 14:30:26] EDIT barcodes/views/default/setsession.html: 0
[2015-07-31 14:31:40] EDIT barcodes/views/default/setsession.html: 0
[2015-07-31 14:32:52] EDIT barcodes/views/default/setsession.html: 1
[2015-07-31 14:36:42] EDIT barcodes/controllers/default.py: -2
[2015-07-31 14:37:31] EDIT barcodes/controllers/default.py: 0
[2015-07-31 14:40:24] EDIT barcodes/models/menu.py: -103
[2015-07-31 14:45:41] EDIT barcodes/views/default/scan.html: 3
[2015-07-31 14:46:49] EDIT barcodes/controllers/default.py: 1
[2015-07-31 14:48:34] EDIT barcodes/controllers/default.py: 1
[2015-07-31 14:49:45] EDIT barcodes/views/default/scan.html: 0
[2015-07-31 14:50:17] EDIT barcodes/views/default/scan.html: 0
[2015-07-31 14:50:37] EDIT barcodes/views/default/scan.html: 0
[2015-07-31 14:51:23] EDIT barcodes/controllers/default.py: 0
[2015-07-31 14:52:04] EDIT barcodes/controllers/default.py: 0
[2015-07-31 14:52:46] EDIT barcodes/controllers/default.py: 0
[2015-07-31 14:54:50] EDIT barcodes/views/default/scan.html: 0
[2015-07-31 14:55:13] EDIT barcodes/views/default/scan.html: 0
[2015-07-31 14:57:05] EDIT barcodes/views/default/scan.html: 2
[2015-07-31 14:57:35] EDIT barcodes/views/default/scan.html: 0
[2015-07-31 15:01:01] EDIT barcodes/models/menu.py: 0
[2015-07-31 15:02:02] EDIT barcodes/views/default/scan.html: 0
[2015-07-31 15:02:34] EDIT barcodes/views/default/scan.html: 0
[2015-07-31 15:02:51] EDIT barcodes/views/default/scan.html: 0
[2015-07-31 15:03:51] EDIT barcodes/views/default/scan.html: 3
[2015-07-31 15:04:58] EDIT barcodes/views/default/scan.html: 1
[2015-07-31 15:10:33] EDIT barcodes/views/default/setsession.html: 5
[2015-07-31 15:11:15] EDIT barcodes/views/default/setsession.html: 0
[2015-07-31 15:12:06] EDIT barcodes/views/default/setsession.html: 1
[2015-07-31 18:35:18] EDIT barcodes/views/default/setsession.html: 0
[2015-07-31 18:37:12] EDIT barcodes/models/db.py: 0
[2015-07-31 18:40:00] EDIT barcodes/views/default/scan.html: 1
[2015-07-31 18:40:09] EDIT barcodes/views/default/scan.html: -1
[2015-07-31 18:42:10] EDIT barcodes/views/default/scan.html: 0
[2015-07-31 18:43:43] EDIT barcodes/views/default/scan.html: 0
[2015-07-31 18:44:44] EDIT barcodes/views/default/scan.html: 0
[2015-07-31 18:45:03] EDIT barcodes/views/default/scan.html: 0
[2015-07-31 18:46:02] EDIT barcodes/views/default/scan.html: 0
[2015-07-31 18:51:48] EDIT barcodes/views/layout.html: -13
[2015-07-31 18:56:03] EDIT barcodes/models/menu.py: 0
[2015-07-31 18:57:57] EDIT barcodes/controllers/default.py: -5
[2015-07-31 19:00:17] EDIT barcodes/models/db.py: 1
[2015-07-31 19:08:37] EDIT barcodes/models/db.py: 0
[2015-07-31 19:09:09] EDIT barcodes/models/db.py: 0
[2015-07-31 19:15:45] EDIT barcodes/models/m_barcodes.py: 0
[2015-07-31 19:19:17] EDIT barcodes/models/db.py: 0
[2015-07-31 19:19:42] EDIT barcodes/models/db.py: 0
[2015-07-31 19:19:57] EDIT barcodes/models/db.py: 0
[2015-07-31 19:28:52] EDIT barcodes/models/m_barcodes.py: -4
[2015-07-31 19:30:30] EDIT barcodes/models/m_barcodes.py: -5
[2015-07-31 19:32:58] EDIT barcodes/controllers/default.py: 0
[2015-07-31 19:40:51] EDIT barcodes/views/default/setsession.html: 1
[2015-07-31 19:45:46] EDIT barcodes/controllers/default.py: 3
[2015-07-31 19:46:50] EDIT barcodes/controllers/default.py: 0
[2015-07-31 19:47:39] EDIT barcodes/controllers/default.py: 0
[2015-07-31 19:52:26] EDIT barcodes/controllers/default.py: 0
[2015-07-31 19:53:16] EDIT barcodes/controllers/default.py: 0
[2015-07-31 19:53:45] EDIT barcodes/controllers/default.py: 0
[2015-07-31 19:53:59] EDIT barcodes/controllers/default.py: 0
[2015-07-31 19:54:56] EDIT barcodes/controllers/default.py: 0
[2015-07-31 19:55:48] EDIT barcodes/controllers/default.py: 1
[2015-08-02 22:27:41] EDIT bc/models/db.py: 0
[2015-08-02 22:31:51] DELETE bc/models/m_barcodes.py: -29
[2015-08-02 22:32:14] CREATE model_bc.py: 0
[2015-08-02 22:41:43] EDIT bc/models/model_bc.py: 16
[2015-08-02 22:42:13] EDIT bc/models/model_bc.py: 0
[2015-08-02 22:42:19] EDIT bc/models/model_bc.py: 0
[2015-08-02 22:42:22] EDIT bc/models/model_bc.py: 0
[2015-08-02 22:42:35] EDIT bc/models/model_bc.py: 0
[2015-08-02 22:42:45] EDIT bc/models/model_bc.py: 0
[2015-08-02 22:46:06] EDIT bc/controllers/default.py: -12
[2015-08-02 22:57:27] EDIT bc/controllers/default.py: -1
[2015-08-02 23:00:47] EDIT bc/views/default/scan.html: 5
[2015-08-02 23:05:59] EDIT bc/controllers/default.py: 4
[2015-08-02 23:06:26] CREATE default/crear_tiposesion.html: 0
[2015-08-02 23:07:16] EDIT bc/views/default/crear_tiposesion.html: 0
[2015-08-02 23:09:26] EDIT bc/views/default/setsession.html: 1
[2015-08-02 23:10:48] EDIT bc/views/default/setsession.html: 4
[2015-08-02 23:13:16] EDIT bc/controllers/default.py: 0
[2015-08-02 23:20:45] EDIT bc/models/model_bc.py: 0
[2015-08-02 23:21:28] EDIT bc/models/model_bc.py: 0
[2015-08-02 23:22:59] EDIT bc/models/model_bc.py: 0
[2015-08-02 23:34:14] EDIT bc/controllers/default.py: 0
[2015-08-02 23:35:07] EDIT bc/controllers/default.py: 0
[2015-08-02 23:36:22] EDIT bc/views/default/scan.html: 0
[2015-08-02 23:36:30] EDIT bc/views/default/scan.html: 0
[2015-08-02 23:36:44] EDIT bc/controllers/default.py: 0
[2015-08-02 23:37:12] EDIT bc/views/default/scan.html: 0
[2015-08-02 23:37:43] EDIT bc/views/default/scan.html: 0
[2015-08-02 23:48:17] EDIT bc/views/default/scan.html: 0
[2015-08-02 23:49:34] EDIT bc/views/default/scan.html: 0
[2015-08-02 23:51:35] EDIT bc/views/default/scan.html: 0
[2015-08-03 00:02:00] EDIT bc/controllers/default.py: 0
[2015-08-03 00:06:55] EDIT bc/views/default/setsession.html: 0
[2015-08-03 00:08:30] EDIT bc/views/default/setsession.html: -1
[2015-08-03 00:09:12] EDIT bc/views/default/setsession.html: 0
[2015-08-03 10:08:24] EDIT bc/views/default/setsession.html: 0
[2015-08-03 10:10:05] EDIT bc/views/default/setsession.html: 0
[2015-08-03 10:11:43] EDIT bc/views/default/scan.html: 0
[2015-08-03 10:12:12] EDIT bc/views/default/scan.html: 0
[2015-08-03 10:13:16] EDIT bc/controllers/default.py: 0
[2015-08-03 16:26:24] EDIT bc/models/model_bc.py: 0
[2015-08-03 16:31:48] EDIT bc/views/default/scan.html: -2
[2015-08-03 16:32:51] EDIT bc/views/default/scan.html: -2
[2015-08-03 16:37:15] EDIT bc/views/default/scan.html: 0
[2015-08-03 16:38:04] EDIT bc/controllers/default.py: 0
[2015-08-03 16:39:07] EDIT bc/controllers/default.py: 1
[2015-08-03 16:39:42] EDIT bc/controllers/default.py: 0
[2015-08-03 16:40:30] EDIT bc/controllers/default.py: 0
[2015-08-03 16:40:58] EDIT bc/controllers/default.py: 0
[2015-08-03 16:42:17] EDIT bc/controllers/default.py: 0
[2015-08-03 16:50:00] EDIT bc/models/model_bc.py: 0
[2015-08-03 16:50:17] EDIT bc/models/model_bc.py: 0
[2015-08-03 16:50:42] EDIT bc/models/model_bc.py: 0
[2015-08-03 16:52:09] EDIT bc/models/model_bc.py: 0
[2015-08-03 16:52:42] EDIT bc/models/model_bc.py: 0
[2015-08-03 16:53:04] EDIT bc/models/model_bc.py: 0
[2015-08-03 17:44:08] EDIT bc/models/model_bc.py: 0
[2015-08-03 17:44:28] EDIT bc/models/model_bc.py: 0
[2015-08-03 17:45:11] EDIT bc/models/model_bc.py: 0
[2015-08-03 17:47:01] EDIT bc/controllers/default.py: 0
[2015-08-03 17:48:07] EDIT bc/models/model_bc.py: 0
[2015-08-03 17:48:09] EDIT bc/models/model_bc.py: 0
[2015-08-03 17:48:19] EDIT bc/models/model_bc.py: 0
[2015-08-03 17:49:08] EDIT bc/models/model_bc.py: 0
[2015-08-03 21:34:45] EDIT bc/controllers/default.py: 1
[2015-08-03 21:34:57] EDIT bc/controllers/default.py: 0
[2015-08-03 21:36:57] EDIT bc/views/default/scan.html: 1
[2015-08-03 21:42:31] EDIT bc/views/default/scan.html: 0
[2015-08-03 21:42:54] EDIT bc/views/default/scan.html: -1
[2015-08-03 22:09:45] UPLOAD /var/www/web2py/applications/bc/static/Regular Expression HOWTO Python 2.7.10 documentation.html: 1720
[2015-08-03 22:14:28] EDIT bc/controllers/default.py: 2
[2015-08-03 22:16:07] CREATE default/regexhelp.html: 0
[2015-08-03 22:18:50] EDIT bc/models/menu.py: 1
[2015-08-03 22:19:29] EDIT bc/views/default/regexhelp.html: -1
[2015-08-03 22:19:56] EDIT bc/views/default/regexhelp.html: 0
[2015-08-03 22:20:26] EDIT bc/views/default/regexhelp.html: 0
[2015-08-03 22:20:59] EDIT bc/views/default/regexhelp.html: 0
[2015-08-03 22:22:52] EDIT bc/views/default/regexhelp.html: 0
[2015-08-03 22:23:15] EDIT bc/views/default/regexhelp.html: 0
[2015-08-03 22:25:16] EDIT bc/views/default/regexhelp.html: 1
[2015-08-03 22:25:45] EDIT bc/controllers/default.py: 0
[2015-08-03 22:26:27] EDIT bc/views/default/regexhelp.html: 0
[2015-08-03 22:26:31] EDIT bc/views/default/regexhelp.html: 0
[2015-08-03 22:27:10] EDIT bc/views/default/regexhelp.html: 0
[2015-08-03 22:28:20] EDIT bc/views/default/regexhelp.html: -1
[2015-08-03 22:33:02] EDIT bc/views/default/scan.html: 2
[2015-08-03 22:35:47] EDIT bc/views/default/scan.html: 4
[2015-08-03 22:37:50] EDIT bc/views/default/scan.html: 0
[2015-08-03 22:38:36] EDIT bc/views/default/scan.html: 0
[2015-08-03 22:39:12] EDIT bc/views/default/scan.html: 0
[2015-08-03 22:41:31] EDIT bc/controllers/default.py: 1
[2015-08-05 11:13:59] EDIT bc/models/model_bc.py: 0
[2015-08-05 13:25:36] EDIT bc/controllers/default.py: 14
[2015-08-05 13:27:38] EDIT bc/views/default/scan.html: 1
[2015-08-05 13:28:54] EDIT bc/views/default/scan.html: 0
[2015-08-05 13:29:21] EDIT bc/views/default/scan.html: 0
[2015-08-05 13:29:36] EDIT bc/views/default/scan.html: 0
[2015-08-05 13:34:16] EDIT bc/controllers/default.py: 0
[2015-08-05 13:36:21] EDIT bc/controllers/default.py: 0
[2015-08-05 13:38:24] EDIT bc/views/default/setsession.html: 0
[2015-08-05 13:40:24] EDIT bc/controllers/default.py: 0
[2015-08-05 13:41:25] EDIT bc/controllers/default.py: 0
[2015-08-05 13:41:59] CREATE default/cerrar_sesion.html: 0
[2015-08-05 13:42:58] EDIT bc/views/default/cerrar_sesion.html: 0
[2015-08-05 13:43:18] EDIT bc/controllers/default.py: 0
[2015-08-05 13:44:19] EDIT bc/controllers/default.py: 0
[2015-08-05 13:45:13] EDIT bc/views/default/cerrar_sesion.html: 3
[2015-08-05 13:46:06] EDIT bc/controllers/default.py: 0
[2015-08-05 13:47:15] EDIT bc/controllers/default.py: 1
[2015-08-05 13:48:01] EDIT bc/controllers/default.py: -1
[2015-08-05 13:48:42] EDIT bc/controllers/default.py: 0
[2015-08-05 13:49:04] EDIT bc/controllers/default.py: 0
[2015-08-05 13:50:00] EDIT bc/views/default/cerrar_sesion.html: 0
[2015-08-05 13:50:19] EDIT bc/views/default/cerrar_sesion.html: 1
[2015-08-05 13:50:53] EDIT bc/controllers/default.py: 0
[2015-08-05 13:51:37] EDIT bc/controllers/default.py: 0
[2015-08-05 13:54:31] EDIT bc/views/default/setsession.html: 1
[2015-08-05 13:59:21] EDIT bc/controllers/default.py: 1
[2015-08-05 17:15:40] EDIT bc/models/model_bc.py: 0
[2015-08-05 17:32:01] EDIT bc/controllers/default.py: 2
[2015-08-05 17:33:00] EDIT bc/controllers/default.py: 0
[2015-08-05 17:34:10] EDIT bc/controllers/default.py: 9
[2015-08-05 17:37:25] EDIT bc/controllers/default.py: 0
[2015-08-05 17:42:02] EDIT bc/controllers/default.py: 3
[2015-08-05 17:42:10] EDIT bc/controllers/default.py: 0
[2015-08-05 17:42:21] EDIT bc/controllers/default.py: 0
[2015-08-05 17:42:34] EDIT bc/controllers/default.py: 0
[2015-08-05 17:43:29] EDIT bc/views/default/cerrar_sesion.html: 0
[2015-08-05 17:44:09] EDIT bc/controllers/default.py: 1
[2015-08-05 17:44:55] CREATE default/descargar_sesion.html: 0
[2015-08-05 17:46:06] EDIT bc/views/default/descargar_sesion.html: 3
[2015-08-05 17:47:00] EDIT bc/controllers/default.py: 0
[2015-08-05 17:47:45] CREATE default/descargar_sesion.csv: 0
[2015-08-05 17:48:07] EDIT bc/controllers/default.py: 0
[2015-08-05 17:49:06] EDIT bc/views/default/descargar_sesion.csv: 7
[2015-08-05 19:01:33] EDIT bc/views/default/descargar_sesion.csv: 0
[2015-08-05 19:01:59] EDIT bc/views/default/descargar_sesion.csv: 0
[2015-08-05 19:05:33] EDIT bc/controllers/default.py: 0
[2015-08-05 19:05:41] EDIT bc/controllers/default.py: 0
[2015-08-05 19:05:46] EDIT bc/controllers/default.py: 0
[2015-08-05 19:06:36] EDIT bc/controllers/default.py: 0
[2015-08-05 19:07:35] EDIT bc/controllers/default.py: 0
[2015-08-05 19:08:14] EDIT bc/controllers/default.py: 0
[2015-08-05 19:09:35] EDIT bc/views/default/cerrar_sesion.html: 0
[2015-08-05 19:13:54] EDIT bc/controllers/default.py: 4
[2015-08-05 19:13:58] EDIT bc/controllers/default.py: 0
[2015-08-05 21:11:34] EDIT bc/controllers/default.py: 0
[2015-08-05 21:12:30] EDIT bc/controllers/default.py: 0
[2015-08-05 21:21:45] EDIT bc/views/default/setsession.html: 4
[2015-08-05 21:27:02] EDIT bc/controllers/default.py: 0
[2015-08-05 21:37:21] EDIT bc/controllers/default.py: 4
[2015-08-05 21:37:35] EDIT bc/controllers/default.py: 0
[2015-08-05 21:38:20] EDIT bc/controllers/default.py: 0
[2015-08-05 21:42:47] EDIT bc/controllers/default.py: -1
[2015-08-05 21:53:10] EDIT bc/controllers/default.py: 0
[2015-08-05 21:53:39] EDIT bc/controllers/default.py: 0
[2015-08-05 21:54:54] EDIT bc/controllers/default.py: 0
[2015-08-05 21:56:00] EDIT bc/controllers/default.py: 0
[2015-08-05 21:56:43] EDIT bc/views/default/descargar_sesion.html: 0
[2015-08-05 21:57:34] EDIT bc/controllers/default.py: 0
[2015-08-05 21:58:30] EDIT bc/controllers/default.py: 0
[2015-08-05 22:11:27] EDIT bc/views/default/descargar_sesion.csv: 1
[2015-08-05 22:13:45] EDIT bc/controllers/default.py: 1
[2015-08-05 22:14:57] EDIT bc/controllers/default.py: 0
[2015-08-05 22:15:17] EDIT bc/controllers/default.py: 0
[2015-08-05 22:15:26] EDIT bc/controllers/default.py: 0
[2015-08-05 22:15:53] EDIT bc/controllers/default.py: 0
[2015-08-05 22:18:20] EDIT bc/controllers/default.py: 1
[2015-08-05 22:18:56] EDIT bc/controllers/default.py: -1
[2015-08-05 22:19:33] EDIT bc/views/default/descargar_sesion.csv: 1
[2015-08-05 22:20:25] EDIT bc/views/default/descargar_sesion.csv: 0
[2015-08-05 22:25:28] EDIT bc/views/default/descargar_sesion.csv: -1
[2015-08-05 22:29:13] EDIT bc/controllers/default.py: 0
[2015-08-05 22:30:20] EDIT bc/controllers/default.py: 0
[2015-08-05 22:31:06] EDIT bc/controllers/default.py: 0
[2015-08-05 22:31:48] EDIT bc/views/default/descargar_sesion.csv: 0
[2015-08-05 22:45:36] EDIT bc/controllers/default.py: 0
[2015-08-05 22:46:20] EDIT bc/controllers/default.py: 0
